#
# There is insufficient memory for the Java Runtime Environment to continue.
# Native memory allocation (malloc) failed to allocate 532096 bytes. Error detail: Chunk::new
# Possible reasons:
#   The system is out of physical RAM or swap space
#   This process is running with CompressedOops enabled, and the Java Heap may be blocking the growth of the native heap
# Possible solutions:
#   Reduce memory load on the system
#   Increase physical memory or swap space
#   Check if swap backing store is full
#   Decrease Java heap size (-Xmx/-Xms)
#   Decrease number of Java threads
#   Decrease Java thread stack sizes (-Xss)
#   Set larger code cache with -XX:ReservedCodeCacheSize=
#   JVM is running with Unscaled Compressed Oops mode in which the Java heap is
#     placed in the first 4GB address space. The Java Heap base address is the
#     maximum limit for the native heap growth. Please use -XX:HeapBaseMinAddress
#     to set the Java Heap base and to place the Java Heap above 4GB virtual address.
# This output file may be truncated or incomplete.
#
#  Out of Memory Error (arena.cpp:168), pid=8228, tid=10724
#
# JRE version: OpenJDK Runtime Environment Temurin-21.0.9+10 (21.0.9+10) (build 21.0.9+10-LTS)
# Java VM: OpenJDK 64-Bit Server VM Temurin-21.0.9+10 (21.0.9+10-LTS, mixed mode, sharing, tiered, compressed oops, compressed class ptrs, parallel gc, windows-amd64)
# No core dump will be written. Minidumps are not enabled by default on client versions of Windows
#

---------------  S U M M A R Y ------------

Command Line: --add-modules=ALL-SYSTEM --add-opens=java.base/java.util=ALL-UNNAMED --add-opens=java.base/java.lang=ALL-UNNAMED --add-opens=java.base/sun.nio.fs=ALL-UNNAMED -Declipse.application=org.eclipse.jdt.ls.core.id1 -Dosgi.bundles.defaultStartLevel=4 -Declipse.product=org.eclipse.jdt.ls.core.product -Djava.import.generatesMetadataFilesAtProjectRoot=false -DDetectVMInstallationsJob.disabled=true -Dfile.encoding=utf8 -XX:+UseParallelGC -XX:GCTimeRatio=4 -XX:AdaptiveSizePolicyWeight=90 -Dsun.zip.disableMemoryMapping=true -Xmx2G -Xms100m -Xlog:disable -javaagent:c:\Users\Admin\.vscode\extensions\redhat.java-1.52.0-win32-x64\lombok\lombok-1.18.39-4050.jar -XX:+HeapDumpOnOutOfMemoryError -XX:HeapDumpPath=c:\Users\Admin\AppData\Roaming\Code\User\workspaceStorage\e795650eaacfea2b7671e9d0cf6aeb66\redhat.java -Daether.dependencyCollector.impl=bf c:\Users\Admin\.vscode\extensions\redhat.java-1.52.0-win32-x64\server\plugins\org.eclipse.equinox.launcher_1.7.100.v20251111-0406.jar -configuration c:\Users\Admin\AppData\Roaming\Code\User\globalStorage\redhat.java\1.52.0\config_win -data c:\Users\Admin\AppData\Roaming\Code\User\workspaceStorage\e795650eaacfea2b7671e9d0cf6aeb66\redhat.java\jdt_ws --pipe=\\.\pipe\lsp-2b8cd35e17f39bd83a7958e238e810e4-sock

Host: Intel(R) Core(TM) i3-1005G1 CPU @ 1.20GHz, 4 cores, 7G,  Windows 10 , 64 bit Build 19041 (10.0.19041.5072)
Time: Thu Feb  5 22:57:09 2026 Hora est. Pacífico, Sudamérica elapsed time: 103.043292 seconds (0d 0h 1m 43s)

---------------  T H R E A D  ---------------

Current thread (0x000002356ee72a60):  JavaThread "C2 CompilerThread0" daemon [_thread_in_native, id=10724, stack(0x0000004dcd600000,0x0000004dcd700000) (1024K)]


Current CompileTask:
C2:103043 13308  s!   4       org.eclipse.jdt.internal.core.index.DiskIndex::readCategoryTable (743 bytes)

Stack: [0x0000004dcd600000,0x0000004dcd700000]
Native frames: (J=compiled Java code, j=interpreted, Vv=VM code, C=native code)
V  [jvm.dll+0x6d6e29]
V  [jvm.dll+0x8b4b76]
V  [jvm.dll+0x8b712e]
V  [jvm.dll+0x8b7813]
V  [jvm.dll+0x283d86]
V  [jvm.dll+0xc66ed]
V  [jvm.dll+0xc6c31]
V  [jvm.dll+0x2facee]
V  [jvm.dll+0x5fde44]
V  [jvm.dll+0x255557]
V  [jvm.dll+0x25591d]
V  [jvm.dll+0x24df40]
V  [jvm.dll+0x24b482]
V  [jvm.dll+0x1cb13e]
V  [jvm.dll+0x25b29d]
V  [jvm.dll+0x25982a]
V  [jvm.dll+0x3f7ea6]
V  [jvm.dll+0x85e9ad]
V  [jvm.dll+0x6d565d]
C  [ucrtbase.dll+0x21bb2]
C  [KERNEL32.DLL+0x17374]
C  [ntdll.dll+0x4cc91]


---------------  P R O C E S S  ---------------

Threads class SMR info:
_java_thread_list=0x00000235796fa4a0, length=44, elements={
0x00000235565601d0, 0x000002356ee69080, 0x000002356ee6a980, 0x000002356ee6c500,
0x000002356ee6d410, 0x000002356ee6f1d0, 0x000002356ee71c30, 0x000002356ee72a60,
0x000002356eef3120, 0x00000235741ef7b0, 0x00000235741f7ee0, 0x00000235744aae80,
0x00000235749f5e80, 0x00000235749380e0, 0x0000023574938740, 0x0000023574ec2660,
0x0000023575038e80, 0x0000023574de0dc0, 0x0000023574de0730, 0x0000023574ddecf0,
0x0000023574de00a0, 0x0000023574ddfa10, 0x0000023574de1450, 0x0000023574de1ae0,
0x0000023574c48790, 0x0000023574c494b0, 0x0000023574c4b580, 0x0000023574c4c2a0,
0x0000023574c4e370, 0x0000023574c4f090, 0x0000023574c4bc10, 0x0000023574c48100,
0x0000023574c49b40, 0x0000023574c4f720, 0x0000023574c4dce0, 0x0000023574c4ea00,
0x0000023574c4a1d0, 0x0000023577c71500, 0x0000023577c72220, 0x0000023577c6eda0,
0x0000023577c71b90, 0x0000023577c728b0, 0x0000023577c742f0, 0x00000235776c5e80
}

Java Threads: ( => current thread )
  0x00000235565601d0 JavaThread "main"                              [_thread_blocked, id=14872, stack(0x0000004dccc00000,0x0000004dccd00000) (1024K)]
  0x000002356ee69080 JavaThread "Reference Handler"          daemon [_thread_blocked, id=14880, stack(0x0000004dcd000000,0x0000004dcd100000) (1024K)]
  0x000002356ee6a980 JavaThread "Finalizer"                  daemon [_thread_blocked, id=15900, stack(0x0000004dcd100000,0x0000004dcd200000) (1024K)]
  0x000002356ee6c500 JavaThread "Signal Dispatcher"          daemon [_thread_blocked, id=12408, stack(0x0000004dcd200000,0x0000004dcd300000) (1024K)]
  0x000002356ee6d410 JavaThread "Attach Listener"            daemon [_thread_blocked, id=7648, stack(0x0000004dcd300000,0x0000004dcd400000) (1024K)]
  0x000002356ee6f1d0 JavaThread "Service Thread"             daemon [_thread_blocked, id=8944, stack(0x0000004dcd400000,0x0000004dcd500000) (1024K)]
  0x000002356ee71c30 JavaThread "Monitor Deflation Thread"   daemon [_thread_blocked, id=14212, stack(0x0000004dcd500000,0x0000004dcd600000) (1024K)]
=>0x000002356ee72a60 JavaThread "C2 CompilerThread0"         daemon [_thread_in_native, id=10724, stack(0x0000004dcd600000,0x0000004dcd700000) (1024K)]
  0x000002356eef3120 JavaThread "C1 CompilerThread0"         daemon [_thread_blocked, id=12428, stack(0x0000004dcd700000,0x0000004dcd800000) (1024K)]
  0x00000235741ef7b0 JavaThread "Common-Cleaner"             daemon [_thread_blocked, id=17572, stack(0x0000004dcd800000,0x0000004dcd900000) (1024K)]
  0x00000235741f7ee0 JavaThread "Notification Thread"        daemon [_thread_blocked, id=10952, stack(0x0000004dcd900000,0x0000004dcda00000) (1024K)]
  0x00000235744aae80 JavaThread "Active Thread: Equinox Container: 8064703d-e81b-4e3f-915b-1df3fdf7a370"        [_thread_blocked, id=8116, stack(0x0000004dcde00000,0x0000004dcdf00000) (1024K)]
  0x00000235749f5e80 JavaThread "Refresh Thread: Equinox Container: 8064703d-e81b-4e3f-915b-1df3fdf7a370" daemon [_thread_blocked, id=8880, stack(0x0000004dcda00000,0x0000004dcdb00000) (1024K)]
  0x00000235749380e0 JavaThread "Framework Event Dispatcher: Equinox Container: 8064703d-e81b-4e3f-915b-1df3fdf7a370" daemon [_thread_blocked, id=9048, stack(0x0000004dcdf00000,0x0000004dce000000) (1024K)]
  0x0000023574938740 JavaThread "Start Level: Equinox Container: 8064703d-e81b-4e3f-915b-1df3fdf7a370" daemon [_thread_blocked, id=15388, stack(0x0000004dce000000,0x0000004dce100000) (1024K)]
  0x0000023574ec2660 JavaThread "Bundle File Closer"         daemon [_thread_blocked, id=4796, stack(0x0000004dce200000,0x0000004dce300000) (1024K)]
  0x0000023575038e80 JavaThread "SCR Component Actor"        daemon [_thread_blocked, id=16572, stack(0x0000004dce100000,0x0000004dce200000) (1024K)]
  0x0000023574de0dc0 JavaThread "Worker-JM"                         [_thread_blocked, id=12360, stack(0x0000004dce300000,0x0000004dce400000) (1024K)]
  0x0000023574de0730 JavaThread "JNA Cleaner"                daemon [_thread_blocked, id=8492, stack(0x0000004dce500000,0x0000004dce600000) (1024K)]
  0x0000023574ddecf0 JavaThread "Worker-0"                          [_thread_blocked, id=1668, stack(0x0000004dce600000,0x0000004dce700000) (1024K)]
  0x0000023574de00a0 JavaThread "Worker-1"                          [_thread_blocked, id=16780, stack(0x0000004dce700000,0x0000004dce800000) (1024K)]
  0x0000023574ddfa10 JavaThread "Java indexing"              daemon [_thread_blocked, id=14688, stack(0x0000004dce800000,0x0000004dce900000) (1024K)]
  0x0000023574de1450 JavaThread "Worker-2"                          [_thread_blocked, id=15676, stack(0x0000004dceb00000,0x0000004dcec00000) (1024K)]
  0x0000023574de1ae0 JavaThread "Worker-3"                          [_thread_blocked, id=2176, stack(0x0000004dcec00000,0x0000004dced00000) (1024K)]
  0x0000023574c48790 JavaThread "Worker-4"                          [_thread_blocked, id=14420, stack(0x0000004dced00000,0x0000004dcee00000) (1024K)]
  0x0000023574c494b0 JavaThread "Worker-5"                          [_thread_blocked, id=7508, stack(0x0000004dcee00000,0x0000004dcef00000) (1024K)]
  0x0000023574c4b580 JavaThread "Thread-1"                   daemon [_thread_in_native, id=16864, stack(0x0000004dcef00000,0x0000004dcf000000) (1024K)]
  0x0000023574c4c2a0 JavaThread "Thread-2"                   daemon [_thread_in_native, id=9748, stack(0x0000004dcf000000,0x0000004dcf100000) (1024K)]
  0x0000023574c4e370 JavaThread "Thread-3"                   daemon [_thread_in_native, id=1984, stack(0x0000004dcf100000,0x0000004dcf200000) (1024K)]
  0x0000023574c4f090 JavaThread "Thread-4"                   daemon [_thread_in_native, id=11704, stack(0x0000004dcf200000,0x0000004dcf300000) (1024K)]
  0x0000023574c4bc10 JavaThread "Thread-5"                   daemon [_thread_in_native, id=17640, stack(0x0000004dcf300000,0x0000004dcf400000) (1024K)]
  0x0000023574c48100 JavaThread "pool-2-thread-1"                   [_thread_blocked, id=2068, stack(0x0000004dcf400000,0x0000004dcf500000) (1024K)]
  0x0000023574c49b40 JavaThread "WorkspaceEventsHandler"            [_thread_blocked, id=5260, stack(0x0000004dcf500000,0x0000004dcf600000) (1024K)]
  0x0000023574c4f720 JavaThread "pool-1-thread-1"                   [_thread_blocked, id=8168, stack(0x0000004dcf600000,0x0000004dcf700000) (1024K)]
  0x0000023574c4dce0 JavaThread "ForkJoinPool.commonPool-worker-1" daemon [_thread_blocked, id=1276, stack(0x0000004dcf700000,0x0000004dcf800000) (1024K)]
  0x0000023574c4ea00 JavaThread "ForkJoinPool.commonPool-worker-2" daemon [_thread_blocked, id=15496, stack(0x0000004dcf800000,0x0000004dcf900000) (1024K)]
  0x0000023574c4a1d0 JavaThread "pool-3-thread-1"                   [_thread_blocked, id=16140, stack(0x0000004dce400000,0x0000004dce500000) (1024K)]
  0x0000023577c71500 JavaThread "LocalFile Deleter"          daemon [_thread_blocked, id=10736, stack(0x0000004dcfa00000,0x0000004dcfb00000) (1024K)]
  0x0000023577c72220 JavaThread "LocalFile Deleter"          daemon [_thread_blocked, id=9884, stack(0x0000004dcfb00000,0x0000004dcfc00000) (1024K)]
  0x0000023577c6eda0 JavaThread "LocalFile Deleter"          daemon [_thread_blocked, id=10728, stack(0x0000004dcfc00000,0x0000004dcfd00000) (1024K)]
  0x0000023577c71b90 JavaThread "Compiler Source File Reader" daemon [_thread_blocked, id=18056, stack(0x0000004dcfd00000,0x0000004dcfe00000) (1024K)]
  0x0000023577c728b0 JavaThread "Compiler Source File Reader" daemon [_thread_blocked, id=11036, stack(0x0000004dcfe00000,0x0000004dcff00000) (1024K)]
  0x0000023577c742f0 JavaThread "Compiler Processing Task"   daemon [_thread_blocked, id=13384, stack(0x0000004dcff00000,0x0000004dd0000000) (1024K)]
  0x00000235776c5e80 JavaThread "ForkJoinPool.commonPool-worker-3" daemon [_thread_in_Java, id=18136, stack(0x0000004dcca00000,0x0000004dccb00000) (1024K)]
Total: 44

Other Threads:
  0x000002356ee5e510 VMThread "VM Thread"                           [id=2312, stack(0x0000004dccf00000,0x0000004dcd000000) (1024K)]
  0x000002356ee1c950 WatcherThread "VM Periodic Task Thread"        [id=16656, stack(0x0000004dcce00000,0x0000004dccf00000) (1024K)]
  0x000002355657d480 WorkerThread "GC Thread#0"                     [id=3040, stack(0x0000004dccd00000,0x0000004dcce00000) (1024K)]
  0x00000235746114d0 WorkerThread "GC Thread#1"                     [id=8748, stack(0x0000004dcdb00000,0x0000004dcdc00000) (1024K)]
  0x0000023574611870 WorkerThread "GC Thread#2"                     [id=13564, stack(0x0000004dcdc00000,0x0000004dcdd00000) (1024K)]
  0x000002357484a5e0 WorkerThread "GC Thread#3"                     [id=14756, stack(0x0000004dcdd00000,0x0000004dcde00000) (1024K)]
Total: 6

Threads with active compile tasks:
C2 CompilerThread0  103070 13308  s!   4       org.eclipse.jdt.internal.core.index.DiskIndex::readCategoryTable (743 bytes)
Total: 1

VM state: not at safepoint (normal execution)

VM Mutex/Monitor currently owned by a thread: None

Heap address: 0x0000000080000000, size: 2048 MB, Compressed Oops mode: 32-bit

CDS archive(s) mapped at: [0x0000023500000000-0x0000023500ba0000-0x0000023500ba0000), size 12189696, SharedBaseAddress: 0x0000023500000000, ArchiveRelocationMode: 1.
Compressed class space mapped at: 0x0000023501000000-0x0000023541000000, reserved size: 1073741824
Narrow klass base: 0x0000023500000000, Narrow klass shift: 0, Narrow klass range: 0x100000000

GC Precious Log:
 CardTable entry size: 512
 CPUs: 4 total, 4 available
 Memory: 7934M
 Large Page Support: Disabled
 NUMA Support: Disabled
 Compressed Oops: Enabled (32-bit)
 Alignments: Space 512K, Generation 512K, Heap 2M
 Heap Min Capacity: 100M
 Heap Initial Capacity: 100M
 Heap Max Capacity: 2G
 Pre-touch: Disabled
 Parallel Workers: 4

Heap:
 PSYoungGen      total 4608K, used 2748K [0x00000000d5580000, 0x00000000d5d00000, 0x0000000100000000)
  eden space 3072K, 40% used [0x00000000d5580000,0x00000000d56b6ae0,0x00000000d5880000)
  from space 1536K, 98% used [0x00000000d5a00000,0x00000000d5b78800,0x00000000d5b80000)
  to   space 512K, 0% used [0x00000000d5c80000,0x00000000d5c80000,0x00000000d5d00000)
 ParOldGen       total 474624K, used 474427K [0x0000000080000000, 0x000000009cf80000, 0x00000000d5580000)
  object space 474624K, 99% used [0x0000000080000000,0x000000009cf4ecf8,0x000000009cf80000)
 Metaspace       used 70996K, committed 72512K, reserved 1114112K
  class space    used 7421K, committed 8064K, reserved 1048576K

Card table byte_map: [0x000002356a250000,0x000002356a660000] _byte_map_base: 0x0000023569e50000

Marking Bits: (ParMarkBitMap*) 0x00007ffec7912460
 Begin Bits: [0x000002356a910000, 0x000002356c910000)
 End Bits:   [0x000002356c910000, 0x000002356e910000)

Polling page: 0x000002355b040000

Metaspace:

Usage:
  Non-class:     62.08 MB used.
      Class:      7.25 MB used.
       Both:     69.33 MB used.

Virtual space:
  Non-class space:       64.00 MB reserved,      62.94 MB ( 98%) committed,  1 nodes.
      Class space:        1.00 GB reserved,       7.88 MB ( <1%) committed,  1 nodes.
             Both:        1.06 GB reserved,      70.81 MB (  7%) committed. 

Chunk freelists:
   Non-Class:  992.00 KB
       Class:  8.08 MB
        Both:  9.05 MB

MaxMetaspaceSize: unlimited
CompressedClassSpaceSize: 1.00 GB
Initial GC threshold: 21.00 MB
Current GC threshold: 98.12 MB
CDS: on
 - commit_granule_bytes: 65536.
 - commit_granule_words: 8192.
 - virtual_space_node_default_size: 8388608.
 - enlarge_chunks_in_place: 1.
 - use_allocation_guard: 0.


Internal statistics:

num_allocs_failed_limit: 13.
num_arena_births: 1178.
num_arena_deaths: 14.
num_vsnodes_births: 2.
num_vsnodes_deaths: 0.
num_space_committed: 1133.
num_space_uncommitted: 0.
num_chunks_returned_to_freelist: 27.
num_chunks_taken_from_freelist: 4459.
num_chunk_merges: 15.
num_chunk_splits: 2821.
num_chunks_enlarged: 1727.
num_inconsistent_stats: 0.

CodeHeap 'non-profiled nmethods': size=120000Kb used=9390Kb max_used=9390Kb free=110609Kb
 bounds [0x0000023562b30000, 0x0000023563460000, 0x000002356a060000]
CodeHeap 'profiled nmethods': size=120000Kb used=30306Kb max_used=30306Kb free=89693Kb
 bounds [0x000002355b060000, 0x000002355ce00000, 0x0000023562590000]
CodeHeap 'non-nmethods': size=5760Kb used=1456Kb max_used=1564Kb free=4303Kb
 bounds [0x0000023562590000, 0x0000023562800000, 0x0000023562b30000]
CodeCache: size=245760Kb, used=41152Kb, max_used=41260Kb, free=204605Kb
 total_blobs=13363, nmethods=12600, adapters=666, full_count=0
Compilation: enabled, stopped_count=0, restarted_count=0

Compilation events (20 events):
Event: 102.973 Thread 0x000002356ee72a60 nmethod 13304 0x000002356345af10 code [0x000002356345b0c0, 0x000002356345b458]
Event: 102.973 Thread 0x000002356ee72a60 13308  s!   4       org.eclipse.jdt.internal.core.index.DiskIndex::readCategoryTable (743 bytes)
Event: 102.978 Thread 0x000002356eef3120 13309       3       org.eclipse.jdt.core.compiler.CharOperation::equals (68 bytes)
Event: 102.978 Thread 0x000002356eef3120 nmethod 13309 0x000002355cde5a90 code [0x000002355cde5ca0, 0x000002355cde61a0]
Event: 102.981 Thread 0x000002356eef3120 13311       3       org.eclipse.jdt.internal.core.search.PatternSearchJob$ParallelSearchMonitor::isCanceled (23 bytes)
Event: 102.982 Thread 0x000002356eef3120 nmethod 13311 0x000002355cde6390 code [0x000002355cde6540, 0x000002355cde67a8]
Event: 102.982 Thread 0x000002356eef3120 13312       3       org.eclipse.jdt.internal.compiler.util.HashtableOfModule::put (113 bytes)
Event: 102.982 Thread 0x000002356eef3120 nmethod 13312 0x000002355cde6890 code [0x000002355cde6ac0, 0x000002355cde73b8]
Event: 103.000 Thread 0x000002356eef3120 13314 %     3       java.util.zip.ZipFile$Source::initCEN @ 261 (612 bytes)
Event: 103.003 Thread 0x000002356eef3120 nmethod 13314% 0x000002355cde7790 code [0x000002355cde7cc0, 0x000002355cdeac80]
Event: 103.004 Thread 0x000002356eef3120 13315       3       java.util.zip.ZipFile$Source::initCEN (612 bytes)
Event: 103.006 Thread 0x000002356eef3120 nmethod 13315 0x000002355cdebf90 code [0x000002355cdec4c0, 0x000002355cdef2a0]
Event: 103.006 Thread 0x000002356eef3120 13318       3       org.eclipse.jdt.internal.compiler.parser.Scanner::checkTaskTag (937 bytes)
Event: 103.009 Thread 0x000002356eef3120 nmethod 13318 0x000002355cdf0510 code [0x000002355cdf0980, 0x000002355cdf3818]
Event: 103.009 Thread 0x000002356eef3120 13317       3       org.eclipse.jdt.internal.compiler.SourceElementParser::constructTypeReference (765 bytes)
Event: 103.012 Thread 0x000002356eef3120 nmethod 13317 0x000002355cdf4a10 code [0x000002355cdf4e00, 0x000002355cdf6fe0]
Event: 103.012 Thread 0x000002356eef3120 13316       3       org.eclipse.jdt.internal.compiler.parser.Scanner::maybeAtReferenceExpression (303 bytes)
Event: 103.012 Thread 0x000002356eef3120 nmethod 13316 0x000002355cdf7c10 code [0x000002355cdf7e40, 0x000002355cdf86f8]
Event: 103.012 Thread 0x000002356eef3120 13320       1       org.eclipse.lsp4j.jsonrpc.messages.Either::getRight (5 bytes)
Event: 103.012 Thread 0x000002356eef3120 nmethod 13320 0x000002356345b690 code [0x000002356345b820, 0x000002356345b8e8]

GC Heap History (20 events):
Event: 102.750 GC heap before
{Heap before GC invocations=845 (full 3):
 PSYoungGen      total 3584K, used 3564K [0x00000000d5580000, 0x00000000d5e80000, 0x0000000100000000)
  eden space 3072K, 100% used [0x00000000d5580000,0x00000000d5880000,0x00000000d5880000)
  from space 512K, 96% used [0x00000000d5900000,0x00000000d597b2a0,0x00000000d5980000)
  to   space 3072K, 0% used [0x00000000d5b80000,0x00000000d5b80000,0x00000000d5e80000)
 ParOldGen       total 465408K, used 465010K [0x0000000080000000, 0x000000009c680000, 0x00000000d5580000)
  object space 465408K, 99% used [0x0000000080000000,0x000000009c61ca58,0x000000009c680000)
 Metaspace       used 70941K, committed 72384K, reserved 1114112K
  class space    used 7418K, committed 8064K, reserved 1048576K
}
Event: 102.753 GC heap after
{Heap after GC invocations=845 (full 3):
 PSYoungGen      total 5120K, used 1626K [0x00000000d5580000, 0x00000000d5d80000, 0x0000000100000000)
  eden space 3072K, 0% used [0x00000000d5580000,0x00000000d5580000,0x00000000d5880000)
  from space 2048K, 79% used [0x00000000d5b80000,0x00000000d5d16900,0x00000000d5d80000)
  to   space 2048K, 0% used [0x00000000d5980000,0x00000000d5980000,0x00000000d5b80000)
 ParOldGen       total 465920K, used 465519K [0x0000000080000000, 0x000000009c700000, 0x00000000d5580000)
  object space 465920K, 99% used [0x0000000080000000,0x000000009c69bcf8,0x000000009c700000)
 Metaspace       used 70941K, committed 72384K, reserved 1114112K
  class space    used 7418K, committed 8064K, reserved 1048576K
}
Event: 102.772 GC heap before
{Heap before GC invocations=846 (full 3):
 PSYoungGen      total 5120K, used 4698K [0x00000000d5580000, 0x00000000d5d80000, 0x0000000100000000)
  eden space 3072K, 100% used [0x00000000d5580000,0x00000000d5880000,0x00000000d5880000)
  from space 2048K, 79% used [0x00000000d5b80000,0x00000000d5d16900,0x00000000d5d80000)
  to   space 2048K, 0% used [0x00000000d5980000,0x00000000d5980000,0x00000000d5b80000)
 ParOldGen       total 465920K, used 465519K [0x0000000080000000, 0x000000009c700000, 0x00000000d5580000)
  object space 465920K, 99% used [0x0000000080000000,0x000000009c69bcf8,0x000000009c700000)
 Metaspace       used 70965K, committed 72448K, reserved 1114112K
  class space    used 7419K, committed 8064K, reserved 1048576K
}
Event: 102.775 GC heap after
{Heap after GC invocations=846 (full 3):
 PSYoungGen      total 5120K, used 1922K [0x00000000d5580000, 0x00000000d5c80000, 0x0000000100000000)
  eden space 3072K, 0% used [0x00000000d5580000,0x00000000d5580000,0x00000000d5880000)
  from space 2048K, 93% used [0x00000000d5980000,0x00000000d5b60800,0x00000000d5b80000)
  to   space 1024K, 0% used [0x00000000d5b80000,0x00000000d5b80000,0x00000000d5c80000)
 ParOldGen       total 467456K, used 467067K [0x0000000080000000, 0x000000009c880000, 0x00000000d5580000)
  object space 467456K, 99% used [0x0000000080000000,0x000000009c81eef8,0x000000009c880000)
 Metaspace       used 70965K, committed 72448K, reserved 1114112K
  class space    used 7419K, committed 8064K, reserved 1048576K
}
Event: 102.786 GC heap before
{Heap before GC invocations=847 (full 3):
 PSYoungGen      total 5120K, used 4994K [0x00000000d5580000, 0x00000000d5c80000, 0x0000000100000000)
  eden space 3072K, 100% used [0x00000000d5580000,0x00000000d5880000,0x00000000d5880000)
  from space 2048K, 93% used [0x00000000d5980000,0x00000000d5b60800,0x00000000d5b80000)
  to   space 1024K, 0% used [0x00000000d5b80000,0x00000000d5b80000,0x00000000d5c80000)
 ParOldGen       total 467456K, used 467067K [0x0000000080000000, 0x000000009c880000, 0x00000000d5580000)
  object space 467456K, 99% used [0x0000000080000000,0x000000009c81eef8,0x000000009c880000)
 Metaspace       used 70978K, committed 72512K, reserved 1114112K
  class space    used 7419K, committed 8064K, reserved 1048576K
}
Event: 102.787 GC heap after
{Heap after GC invocations=847 (full 3):
 PSYoungGen      total 4096K, used 802K [0x00000000d5580000, 0x00000000d5c80000, 0x0000000100000000)
  eden space 3072K, 0% used [0x00000000d5580000,0x00000000d5580000,0x00000000d5880000)
  from space 1024K, 78% used [0x00000000d5b80000,0x00000000d5c48800,0x00000000d5c80000)
  to   space 1536K, 0% used [0x00000000d5980000,0x00000000d5980000,0x00000000d5b00000)
 ParOldGen       total 467456K, used 467163K [0x0000000080000000, 0x000000009c880000, 0x00000000d5580000)
  object space 467456K, 99% used [0x0000000080000000,0x000000009c836ef8,0x000000009c880000)
 Metaspace       used 70978K, committed 72512K, reserved 1114112K
  class space    used 7419K, committed 8064K, reserved 1048576K
}
Event: 102.795 GC heap before
{Heap before GC invocations=848 (full 3):
 PSYoungGen      total 4096K, used 3874K [0x00000000d5580000, 0x00000000d5c80000, 0x0000000100000000)
  eden space 3072K, 100% used [0x00000000d5580000,0x00000000d5880000,0x00000000d5880000)
  from space 1024K, 78% used [0x00000000d5b80000,0x00000000d5c48800,0x00000000d5c80000)
  to   space 1536K, 0% used [0x00000000d5980000,0x00000000d5980000,0x00000000d5b00000)
 ParOldGen       total 467456K, used 467163K [0x0000000080000000, 0x000000009c880000, 0x00000000d5580000)
  object space 467456K, 99% used [0x0000000080000000,0x000000009c836ef8,0x000000009c880000)
 Metaspace       used 70986K, committed 72512K, reserved 1114112K
  class space    used 7419K, committed 8064K, reserved 1048576K
}
Event: 102.798 GC heap after
{Heap after GC invocations=848 (full 3):
 PSYoungGen      total 4608K, used 1536K [0x00000000d5580000, 0x00000000d6180000, 0x0000000100000000)
  eden space 3072K, 0% used [0x00000000d5580000,0x00000000d5580000,0x00000000d5880000)
  from space 1536K, 100% used [0x00000000d5980000,0x00000000d5b00000,0x00000000d5b00000)
  to   space 4608K, 0% used [0x00000000d5d00000,0x00000000d5d00000,0x00000000d6180000)
 ParOldGen       total 469504K, used 469261K [0x0000000080000000, 0x000000009ca80000, 0x00000000d5580000)
  object space 469504K, 99% used [0x0000000080000000,0x000000009ca436f8,0x000000009ca80000)
 Metaspace       used 70986K, committed 72512K, reserved 1114112K
  class space    used 7419K, committed 8064K, reserved 1048576K
}
Event: 102.814 GC heap before
{Heap before GC invocations=849 (full 3):
 PSYoungGen      total 4608K, used 4608K [0x00000000d5580000, 0x00000000d6180000, 0x0000000100000000)
  eden space 3072K, 100% used [0x00000000d5580000,0x00000000d5880000,0x00000000d5880000)
  from space 1536K, 100% used [0x00000000d5980000,0x00000000d5b00000,0x00000000d5b00000)
  to   space 4608K, 0% used [0x00000000d5d00000,0x00000000d5d00000,0x00000000d6180000)
 ParOldGen       total 469504K, used 469261K [0x0000000080000000, 0x000000009ca80000, 0x00000000d5580000)
  object space 469504K, 99% used [0x0000000080000000,0x000000009ca436f8,0x000000009ca80000)
 Metaspace       used 70991K, committed 72512K, reserved 1114112K
  class space    used 7420K, committed 8064K, reserved 1048576K
}
Event: 102.817 GC heap after
{Heap after GC invocations=849 (full 3):
 PSYoungGen      total 4608K, used 1238K [0x00000000d5580000, 0x00000000d5e80000, 0x0000000100000000)
  eden space 3072K, 0% used [0x00000000d5580000,0x00000000d5580000,0x00000000d5880000)
  from space 1536K, 80% used [0x00000000d5d00000,0x00000000d5e35a00,0x00000000d5e80000)
  to   space 2560K, 0% used [0x00000000d5980000,0x00000000d5980000,0x00000000d5c00000)
 ParOldGen       total 471040K, used 470821K [0x0000000080000000, 0x000000009cc00000, 0x00000000d5580000)
  object space 471040K, 99% used [0x0000000080000000,0x000000009cbc96f8,0x000000009cc00000)
 Metaspace       used 70991K, committed 72512K, reserved 1114112K
  class space    used 7420K, committed 8064K, reserved 1048576K
}
Event: 102.838 GC heap before
{Heap before GC invocations=850 (full 3):
 PSYoungGen      total 4608K, used 4310K [0x00000000d5580000, 0x00000000d5e80000, 0x0000000100000000)
  eden space 3072K, 100% used [0x00000000d5580000,0x00000000d5880000,0x00000000d5880000)
  from space 1536K, 80% used [0x00000000d5d00000,0x00000000d5e35a00,0x00000000d5e80000)
  to   space 2560K, 0% used [0x00000000d5980000,0x00000000d5980000,0x00000000d5c00000)
 ParOldGen       total 471040K, used 470821K [0x0000000080000000, 0x000000009cc00000, 0x00000000d5580000)
  object space 471040K, 99% used [0x0000000080000000,0x000000009cbc96f8,0x000000009cc00000)
 Metaspace       used 70992K, committed 72512K, reserved 1114112K
  class space    used 7420K, committed 8064K, reserved 1048576K
}
Event: 102.839 GC heap after
{Heap after GC invocations=850 (full 3):
 PSYoungGen      total 5632K, used 192K [0x00000000d5580000, 0x00000000d5d80000, 0x0000000100000000)
  eden space 3072K, 0% used [0x00000000d5580000,0x00000000d5580000,0x00000000d5880000)
  from space 2560K, 7% used [0x00000000d5980000,0x00000000d59b0000,0x00000000d5c00000)
  to   space 1024K, 0% used [0x00000000d5c80000,0x00000000d5c80000,0x00000000d5d80000)
 ParOldGen       total 471552K, used 471098K [0x0000000080000000, 0x000000009cc80000, 0x00000000d5580000)
  object space 471552K, 99% used [0x0000000080000000,0x000000009cc0e8f8,0x000000009cc80000)
 Metaspace       used 70992K, committed 72512K, reserved 1114112K
  class space    used 7420K, committed 8064K, reserved 1048576K
}
Event: 102.965 GC heap before
{Heap before GC invocations=851 (full 3):
 PSYoungGen      total 5632K, used 3264K [0x00000000d5580000, 0x00000000d5d80000, 0x0000000100000000)
  eden space 3072K, 100% used [0x00000000d5580000,0x00000000d5880000,0x00000000d5880000)
  from space 2560K, 7% used [0x00000000d5980000,0x00000000d59b0000,0x00000000d5c00000)
  to   space 1024K, 0% used [0x00000000d5c80000,0x00000000d5c80000,0x00000000d5d80000)
 ParOldGen       total 471552K, used 471098K [0x0000000080000000, 0x000000009cc80000, 0x00000000d5580000)
  object space 471552K, 99% used [0x0000000080000000,0x000000009cc0e8f8,0x000000009cc80000)
 Metaspace       used 70993K, committed 72512K, reserved 1114112K
  class space    used 7421K, committed 8064K, reserved 1048576K
}
Event: 102.968 GC heap after
{Heap after GC invocations=851 (full 3):
 PSYoungGen      total 3584K, used 468K [0x00000000d5580000, 0x00000000d5d00000, 0x0000000100000000)
  eden space 3072K, 0% used [0x00000000d5580000,0x00000000d5580000,0x00000000d5880000)
  from space 512K, 91% used [0x00000000d5c80000,0x00000000d5cf5200,0x00000000d5d00000)
  to   space 1024K, 0% used [0x00000000d5b00000,0x00000000d5b00000,0x00000000d5c00000)
 ParOldGen       total 471552K, used 471234K [0x0000000080000000, 0x000000009cc80000, 0x00000000d5580000)
  object space 471552K, 99% used [0x0000000080000000,0x000000009cc308f8,0x000000009cc80000)
 Metaspace       used 70993K, committed 72512K, reserved 1114112K
  class space    used 7421K, committed 8064K, reserved 1048576K
}
Event: 102.974 GC heap before
{Heap before GC invocations=852 (full 3):
 PSYoungGen      total 3584K, used 3540K [0x00000000d5580000, 0x00000000d5d00000, 0x0000000100000000)
  eden space 3072K, 100% used [0x00000000d5580000,0x00000000d5880000,0x00000000d5880000)
  from space 512K, 91% used [0x00000000d5c80000,0x00000000d5cf5200,0x00000000d5d00000)
  to   space 1024K, 0% used [0x00000000d5b00000,0x00000000d5b00000,0x00000000d5c00000)
 ParOldGen       total 471552K, used 471234K [0x0000000080000000, 0x000000009cc80000, 0x00000000d5580000)
  object space 471552K, 99% used [0x0000000080000000,0x000000009cc308f8,0x000000009cc80000)
 Metaspace       used 70993K, committed 72512K, reserved 1114112K
  class space    used 7421K, committed 8064K, reserved 1048576K
}
Event: 102.977 GC heap after
{Heap after GC invocations=852 (full 3):
 PSYoungGen      total 4096K, used 994K [0x00000000d5580000, 0x00000000d5d00000, 0x0000000100000000)
  eden space 3072K, 0% used [0x00000000d5580000,0x00000000d5580000,0x00000000d5880000)
  from space 1024K, 97% used [0x00000000d5b00000,0x00000000d5bf8800,0x00000000d5c00000)
  to   space 512K, 0% used [0x00000000d5c80000,0x00000000d5c80000,0x00000000d5d00000)
 ParOldGen       total 473088K, used 472595K [0x0000000080000000, 0x000000009ce00000, 0x00000000d5580000)
  object space 473088K, 99% used [0x0000000080000000,0x000000009cd84cf8,0x000000009ce00000)
 Metaspace       used 70993K, committed 72512K, reserved 1114112K
  class space    used 7421K, committed 8064K, reserved 1048576K
}
Event: 102.984 GC heap before
{Heap before GC invocations=853 (full 3):
 PSYoungGen      total 4096K, used 4025K [0x00000000d5580000, 0x00000000d5d00000, 0x0000000100000000)
  eden space 3072K, 98% used [0x00000000d5580000,0x00000000d5875f88,0x00000000d5880000)
  from space 1024K, 97% used [0x00000000d5b00000,0x00000000d5bf8800,0x00000000d5c00000)
  to   space 512K, 0% used [0x00000000d5c80000,0x00000000d5c80000,0x00000000d5d00000)
 ParOldGen       total 473088K, used 472595K [0x0000000080000000, 0x000000009ce00000, 0x00000000d5580000)
  object space 473088K, 99% used [0x0000000080000000,0x000000009cd84cf8,0x000000009ce00000)
 Metaspace       used 70993K, committed 72512K, reserved 1114112K
  class space    used 7421K, committed 8064K, reserved 1048576K
}
Event: 102.985 GC heap after
{Heap after GC invocations=853 (full 3):
 PSYoungGen      total 3584K, used 512K [0x00000000d5580000, 0x00000000d5d00000, 0x0000000100000000)
  eden space 3072K, 0% used [0x00000000d5580000,0x00000000d5580000,0x00000000d5880000)
  from space 512K, 100% used [0x00000000d5c80000,0x00000000d5d00000,0x00000000d5d00000)
  to   space 1536K, 0% used [0x00000000d5a00000,0x00000000d5a00000,0x00000000d5b80000)
 ParOldGen       total 473088K, used 472643K [0x0000000080000000, 0x000000009ce00000, 0x00000000d5580000)
  object space 473088K, 99% used [0x0000000080000000,0x000000009cd90cf8,0x000000009ce00000)
 Metaspace       used 70993K, committed 72512K, reserved 1114112K
  class space    used 7421K, committed 8064K, reserved 1048576K
}
Event: 102.990 GC heap before
{Heap before GC invocations=854 (full 3):
 PSYoungGen      total 3584K, used 3584K [0x00000000d5580000, 0x00000000d5d00000, 0x0000000100000000)
  eden space 3072K, 100% used [0x00000000d5580000,0x00000000d5880000,0x00000000d5880000)
  from space 512K, 100% used [0x00000000d5c80000,0x00000000d5d00000,0x00000000d5d00000)
  to   space 1536K, 0% used [0x00000000d5a00000,0x00000000d5a00000,0x00000000d5b80000)
 ParOldGen       total 473088K, used 472643K [0x0000000080000000, 0x000000009ce00000, 0x00000000d5580000)
  object space 473088K, 99% used [0x0000000080000000,0x000000009cd90cf8,0x000000009ce00000)
 Metaspace       used 70993K, committed 72512K, reserved 1114112K
  class space    used 7421K, committed 8064K, reserved 1048576K
}
Event: 102.994 GC heap after
{Heap after GC invocations=854 (full 3):
 PSYoungGen      total 4608K, used 1506K [0x00000000d5580000, 0x00000000d5d00000, 0x0000000100000000)
  eden space 3072K, 0% used [0x00000000d5580000,0x00000000d5580000,0x00000000d5880000)
  from space 1536K, 98% used [0x00000000d5a00000,0x00000000d5b78800,0x00000000d5b80000)
  to   space 512K, 0% used [0x00000000d5c80000,0x00000000d5c80000,0x00000000d5d00000)
 ParOldGen       total 474624K, used 474427K [0x0000000080000000, 0x000000009cf80000, 0x00000000d5580000)
  object space 474624K, 99% used [0x0000000080000000,0x000000009cf4ecf8,0x000000009cf80000)
 Metaspace       used 70993K, committed 72512K, reserved 1114112K
  class space    used 7421K, committed 8064K, reserved 1048576K
}

Dll operation events (10 events):
Event: 0.019 Loaded shared library c:\Users\Admin\.vscode\extensions\redhat.java-1.52.0-win32-x64\jre\21.0.9-win32-x86_64\bin\java.dll
Event: 0.330 Loaded shared library c:\Users\Admin\.vscode\extensions\redhat.java-1.52.0-win32-x64\jre\21.0.9-win32-x86_64\bin\zip.dll
Event: 0.359 Loaded shared library C:\Users\Admin\.vscode\extensions\redhat.java-1.52.0-win32-x64\jre\21.0.9-win32-x86_64\bin\instrument.dll
Event: 0.402 Loaded shared library C:\Users\Admin\.vscode\extensions\redhat.java-1.52.0-win32-x64\jre\21.0.9-win32-x86_64\bin\net.dll
Event: 0.417 Loaded shared library C:\Users\Admin\.vscode\extensions\redhat.java-1.52.0-win32-x64\jre\21.0.9-win32-x86_64\bin\nio.dll
Event: 0.448 Loaded shared library C:\Users\Admin\.vscode\extensions\redhat.java-1.52.0-win32-x64\jre\21.0.9-win32-x86_64\bin\zip.dll
Event: 0.470 Loaded shared library C:\Users\Admin\.vscode\extensions\redhat.java-1.52.0-win32-x64\jre\21.0.9-win32-x86_64\bin\jimage.dll
Event: 0.718 Loaded shared library c:\Users\Admin\.vscode\extensions\redhat.java-1.52.0-win32-x64\jre\21.0.9-win32-x86_64\bin\verify.dll
Event: 3.180 Loaded shared library C:\Users\Admin\AppData\Roaming\Code\User\globalStorage\redhat.java\1.52.0\config_win\org.eclipse.equinox.launcher\org.eclipse.equinox.launcher.win32.win32.x86_64_1.2.1500.v20260121-1430\eclipse_11919.dll
Event: 5.996 Loaded shared library C:\Users\Admin\AppData\Local\Temp\jna-63116079\jna14444479950352491212.dll

Deoptimization events (20 events):
Event: 102.837 Thread 0x0000023574c4ea00 DEOPT PACKING pc=0x00000235631de374 sp=0x0000004dcf8fe010
Event: 102.837 Thread 0x0000023574c4ea00 DEOPT UNPACKING pc=0x00000235625e6da2 sp=0x0000004dcf8fdfe8 mode 2
Event: 102.840 Thread 0x0000023574c4ea00 DEOPT PACKING pc=0x000002355c8bf807 sp=0x0000004dcf8fe720
Event: 102.840 Thread 0x0000023574c4ea00 DEOPT UNPACKING pc=0x00000235625e78e2 sp=0x0000004dcf8fdbe8 mode 0
Event: 102.970 Thread 0x0000023574c4dce0 Uncommon trap: trap_request=0xffffff45 fr.pc=0x0000023563449f4c relative=0x0000000000000eac
Event: 102.970 Thread 0x0000023574c4dce0 Uncommon trap: reason=unstable_if action=reinterpret pc=0x0000023563449f4c method=org.eclipse.jdt.internal.core.index.DiskIndex.addQueryResults([[C[CILorg/eclipse/jdt/internal/core/index/MemoryIndex;)Lorg/eclipse/jdt/internal/compiler/util/HashtableOfObje
Event: 102.970 Thread 0x0000023574c4dce0 DEOPT PACKING pc=0x0000023563449f4c sp=0x0000004dcf7fecf0
Event: 102.970 Thread 0x0000023574c4dce0 DEOPT UNPACKING pc=0x00000235625e6da2 sp=0x0000004dcf7feca0 mode 2
Event: 102.971 Thread 0x0000023574c4dce0 Uncommon trap: trap_request=0xffffff45 fr.pc=0x0000023563447d04 relative=0x0000000000000284
Event: 102.971 Thread 0x0000023574c4dce0 Uncommon trap: reason=unstable_if action=reinterpret pc=0x0000023563447d04 method=org.eclipse.jdt.internal.core.index.DiskIndex.addQueryResults([[C[CILorg/eclipse/jdt/internal/core/index/MemoryIndex;)Lorg/eclipse/jdt/internal/compiler/util/HashtableOfObje
Event: 102.972 Thread 0x0000023574c4dce0 DEOPT PACKING pc=0x0000023563447d04 sp=0x0000004dcf7fed10
Event: 102.972 Thread 0x0000023574c4dce0 DEOPT UNPACKING pc=0x00000235625e6da2 sp=0x0000004dcf7feca0 mode 2
Event: 102.972 Thread 0x0000023574c4ea00 DEOPT PACKING pc=0x000002355ca1b49c sp=0x0000004dcf8fd910
Event: 102.972 Thread 0x0000023574c4ea00 DEOPT UNPACKING pc=0x00000235625e78e2 sp=0x0000004dcf8fcec0 mode 0
Event: 102.987 Thread 0x0000023574c4dce0 DEOPT PACKING pc=0x000002355ca1b49c sp=0x0000004dcf7fea20
Event: 102.987 Thread 0x0000023574c4dce0 DEOPT UNPACKING pc=0x00000235625e78e2 sp=0x0000004dcf7fdfd0 mode 0
Event: 103.006 Thread 0x00000235776c5e80 DEOPT PACKING pc=0x000002355c7545c0 sp=0x0000004dccafe490
Event: 103.006 Thread 0x00000235776c5e80 DEOPT UNPACKING pc=0x00000235625e78e2 sp=0x0000004dccafd950 mode 0
Event: 103.008 Thread 0x00000235776c5e80 DEOPT PACKING pc=0x000002355cd34678 sp=0x0000004dccafe7d0
Event: 103.008 Thread 0x00000235776c5e80 DEOPT UNPACKING pc=0x00000235625e78e2 sp=0x0000004dccafdcb8 mode 0

Classes loaded (20 events):
Event: 52.155 Loading class java/util/stream/ReduceOps$1
Event: 52.155 Loading class java/util/stream/ReduceOps$1 done
Event: 52.155 Loading class java/util/stream/ReduceOps$1ReducingSink
Event: 52.155 Loading class java/util/stream/ReduceOps$1ReducingSink done
Event: 52.281 Loading class java/lang/Throwable$WrappedPrintWriter
Event: 52.281 Loading class java/lang/Throwable$PrintStreamOrWriter
Event: 52.281 Loading class java/lang/Throwable$PrintStreamOrWriter done
Event: 52.281 Loading class java/lang/Throwable$WrappedPrintWriter done
Event: 61.277 Loading class java/nio/file/Files$2
Event: 61.278 Loading class java/nio/file/Files$2 done
Event: 61.748 Loading class java/util/stream/DistinctOps
Event: 61.748 Loading class java/util/stream/DistinctOps done
Event: 61.748 Loading class java/util/stream/DistinctOps$1
Event: 61.748 Loading class java/util/stream/DistinctOps$1 done
Event: 61.754 Loading class java/util/stream/DistinctOps$1$2
Event: 61.755 Loading class java/util/stream/DistinctOps$1$2 done
Event: 73.424 Loading class java/util/function/IntPredicate
Event: 73.424 Loading class java/util/function/IntPredicate done
Event: 73.436 Loading class java/util/regex/Pattern$Bound
Event: 73.436 Loading class java/util/regex/Pattern$Bound done

Classes unloaded (7 events):
Event: 7.059 Thread 0x000002356ee5e510 Unloading class 0x00000235011acc00 'java/lang/invoke/LambdaForm$MH+0x00000235011acc00'
Event: 7.059 Thread 0x000002356ee5e510 Unloading class 0x00000235011ac800 'java/lang/invoke/LambdaForm$MH+0x00000235011ac800'
Event: 7.059 Thread 0x000002356ee5e510 Unloading class 0x00000235011ac400 'java/lang/invoke/LambdaForm$MH+0x00000235011ac400'
Event: 7.059 Thread 0x000002356ee5e510 Unloading class 0x00000235011ac000 'java/lang/invoke/LambdaForm$MH+0x00000235011ac000'
Event: 7.059 Thread 0x000002356ee5e510 Unloading class 0x00000235011abc00 'java/lang/invoke/LambdaForm$BMH+0x00000235011abc00'
Event: 7.059 Thread 0x000002356ee5e510 Unloading class 0x00000235011ab800 'java/lang/invoke/LambdaForm$DMH+0x00000235011ab800'
Event: 7.059 Thread 0x000002356ee5e510 Unloading class 0x00000235011aa400 'java/lang/invoke/LambdaForm$DMH+0x00000235011aa400'

Classes redefined (0 events):
No events

Internal exceptions (20 events):
Event: 61.977 Thread 0x0000023574c4ea00 Exception <a 'sun/nio/fs/WindowsException'{0x00000000d575d470}> (0x00000000d575d470) 
thrown [s\src\hotspot\share\prims\jni.cpp, line 520]
Event: 61.978 Thread 0x0000023574c4ea00 Exception <a 'sun/nio/fs/WindowsException'{0x00000000d575e4a0}> (0x00000000d575e4a0) 
thrown [s\src\hotspot\share\prims\jni.cpp, line 520]
Event: 61.978 Thread 0x0000023574c4ea00 Exception <a 'sun/nio/fs/WindowsException'{0x00000000d575ee78}> (0x00000000d575ee78) 
thrown [s\src\hotspot\share\prims\jni.cpp, line 520]
Event: 61.979 Thread 0x00000235776c5e80 Exception <a 'java/lang/NoSuchMethodError'{0x00000000d5773278}: 'java.lang.Object java.lang.invoke.DirectMethodHandle$Holder.invokeStaticInit(java.lang.Object, java.lang.Object, java.lang.Object)'> (0x00000000d5773278) 
thrown [s\src\hotspot\share\interpreter\linkResolver.cpp, line 773]
Event: 62.011 Thread 0x0000023574c4ea00 Exception <a 'sun/nio/fs/WindowsException'{0x00000000d58d87c8}> (0x00000000d58d87c8) 
thrown [s\src\hotspot\share\prims\jni.cpp, line 520]
Event: 62.011 Thread 0x0000023574c4ea00 Exception <a 'sun/nio/fs/WindowsException'{0x00000000d58d91a0}> (0x00000000d58d91a0) 
thrown [s\src\hotspot\share\prims\jni.cpp, line 520]
Event: 62.011 Thread 0x0000023574c4ea00 Exception <a 'sun/nio/fs/WindowsException'{0x00000000d58da1a8}> (0x00000000d58da1a8) 
thrown [s\src\hotspot\share\prims\jni.cpp, line 520]
Event: 62.011 Thread 0x0000023574c4ea00 Exception <a 'sun/nio/fs/WindowsException'{0x00000000d58e6118}> (0x00000000d58e6118) 
thrown [s\src\hotspot\share\prims\jni.cpp, line 520]
Event: 68.358 Thread 0x0000023574c4f720 Exception <a 'java/lang/IncompatibleClassChangeError'{0x00000000d594fc50}: Found class java.lang.Object, but interface was expected> (0x00000000d594fc50) 
thrown [s\src\hotspot\share\interpreter\linkResolver.cpp, line 840]
Event: 73.163 Thread 0x0000023574c4dce0 Exception <a 'java/lang/LinkageError'{0x00000000d57af2c8}: loader lombok.launch.ShadowClassLoader @17cde244 attempted duplicate class definition for lombok.launch.PatchFixesHider$ExtensionMethod. (lombok.launch.PatchFixesHider$ExtensionMethod is in unnamed module of loader lombok.launch.ShadowClassLoader @17cde244, parent loader org.eclipse.osgi.internal.loader.EquinoxClassLoader @2e0a2efc)> (0x00000000d57af2c8) 
thrown [s\src\hotspot\share\classfile\systemDictionary.cpp, line 1682]
Event: 73.425 Thread 0x0000023574c4dce0 Exception <a 'java/lang/NoSuchMethodError'{0x00000000d5a0a608}: 'int java.lang.invoke.DirectMethodHandle$Holder.invokeStaticInit(java.lang.Object, int)'> (0x00000000d5a0a608) 
thrown [s\src\hotspot\share\interpreter\linkResolver.cpp, line 773]
Event: 83.293 Thread 0x00000235776c5e80 Implicit null exception at 0x000002356315015a to 0x00000235631501b3
Event: 83.950 Thread 0x00000235776c5e80 Exception <a 'java/lang/NoSuchMethodError'{0x00000000d565bd60}: 'int java.lang.invoke.DirectMethodHandle$Holder.invokeSpecialIFC(java.lang.Object, java.lang.Object, int)'> (0x00000000d565bd60) 
thrown [s\src\hotspot\share\interpreter\linkResolver.cpp, line 773]
Event: 87.776 Thread 0x0000023574c4f720 Exception <a 'java/lang/IncompatibleClassChangeError'{0x00000000d55cce18}: Found class java.lang.Object, but interface was expected> (0x00000000d55cce18) 
thrown [s\src\hotspot\share\interpreter\linkResolver.cpp, line 840]
Event: 87.777 Thread 0x0000023574c4f720 Exception <a 'java/lang/IncompatibleClassChangeError'{0x00000000d55d1230}: Found class java.lang.Object, but interface was expected> (0x00000000d55d1230) 
thrown [s\src\hotspot\share\interpreter\linkResolver.cpp, line 840]
Event: 87.814 Thread 0x0000023574c4f720 Exception <a 'java/lang/IncompatibleClassChangeError'{0x00000000d5593758}: Found class java.lang.Object, but interface was expected> (0x00000000d5593758) 
thrown [s\src\hotspot\share\interpreter\linkResolver.cpp, line 840]
Event: 87.959 Thread 0x0000023574c4f720 Exception <a 'java/lang/IncompatibleClassChangeError'{0x00000000d56c9550}: Found class java.lang.Object, but interface was expected> (0x00000000d56c9550) 
thrown [s\src\hotspot\share\interpreter\linkResolver.cpp, line 840]
Event: 88.036 Thread 0x0000023574ddfa10 Exception <a 'sun/nio/fs/WindowsException'{0x00000000d56351a0}> (0x00000000d56351a0) 
thrown [s\src\hotspot\share\prims\jni.cpp, line 520]
Event: 88.317 Thread 0x0000023574ddfa10 Exception <a 'sun/nio/fs/WindowsException'{0x00000000d56f3310}> (0x00000000d56f3310) 
thrown [s\src\hotspot\share\prims\jni.cpp, line 520]
Event: 102.745 Thread 0x0000023574c4f720 Exception <a 'java/lang/IncompatibleClassChangeError'{0x00000000d57c8d38}: Found class java.lang.Object, but interface was expected> (0x00000000d57c8d38) 
thrown [s\src\hotspot\share\interpreter\linkResolver.cpp, line 840]

ZGC Phase Switch (0 events):
No events

VM Operations (20 events):
Event: 102.750 Executing VM operation: ParallelGCFailedAllocation (Allocation Failure)
Event: 102.753 Executing VM operation: ParallelGCFailedAllocation (Allocation Failure) done
Event: 102.772 Executing VM operation: ParallelGCFailedAllocation (Allocation Failure)
Event: 102.775 Executing VM operation: ParallelGCFailedAllocation (Allocation Failure) done
Event: 102.786 Executing VM operation: ParallelGCFailedAllocation (Allocation Failure)
Event: 102.787 Executing VM operation: ParallelGCFailedAllocation (Allocation Failure) done
Event: 102.795 Executing VM operation: ParallelGCFailedAllocation (Allocation Failure)
Event: 102.798 Executing VM operation: ParallelGCFailedAllocation (Allocation Failure) done
Event: 102.814 Executing VM operation: ParallelGCFailedAllocation (Allocation Failure)
Event: 102.817 Executing VM operation: ParallelGCFailedAllocation (Allocation Failure) done
Event: 102.838 Executing VM operation: ParallelGCFailedAllocation (Allocation Failure)
Event: 102.839 Executing VM operation: ParallelGCFailedAllocation (Allocation Failure) done
Event: 102.965 Executing VM operation: ParallelGCFailedAllocation (Allocation Failure)
Event: 102.968 Executing VM operation: ParallelGCFailedAllocation (Allocation Failure) done
Event: 102.974 Executing VM operation: ParallelGCFailedAllocation (Allocation Failure)
Event: 102.977 Executing VM operation: ParallelGCFailedAllocation (Allocation Failure) done
Event: 102.983 Executing VM operation: ParallelGCFailedAllocation (Allocation Failure)
Event: 102.985 Executing VM operation: ParallelGCFailedAllocation (Allocation Failure) done
Event: 102.990 Executing VM operation: ParallelGCFailedAllocation (Allocation Failure)
Event: 102.994 Executing VM operation: ParallelGCFailedAllocation (Allocation Failure) done

Memory protections (0 events):
No events

Nmethod flushes (20 events):
Event: 47.377 Thread 0x000002356ee5e510 flushing  nmethod 0x000002355b8bb790
Event: 47.377 Thread 0x000002356ee5e510 flushing  nmethod 0x000002355b8bea10
Event: 47.377 Thread 0x000002356ee5e510 flushing  nmethod 0x000002355b8c6990
Event: 47.377 Thread 0x000002356ee5e510 flushing  nmethod 0x000002355b8cd290
Event: 47.377 Thread 0x000002356ee5e510 flushing  nmethod 0x000002355b8d6390
Event: 47.377 Thread 0x000002356ee5e510 flushing  nmethod 0x000002355b8e3990
Event: 47.377 Thread 0x000002356ee5e510 flushing  nmethod 0x000002355b8e7d10
Event: 47.377 Thread 0x000002356ee5e510 flushing  nmethod 0x000002355b90ca90
Event: 47.377 Thread 0x000002356ee5e510 flushing  nmethod 0x000002355b910490
Event: 47.377 Thread 0x000002356ee5e510 flushing  nmethod 0x000002355b92d710
Event: 47.377 Thread 0x000002356ee5e510 flushing  nmethod 0x000002355b92e310
Event: 47.377 Thread 0x000002356ee5e510 flushing  nmethod 0x000002355b956d10
Event: 47.377 Thread 0x000002356ee5e510 flushing  nmethod 0x000002355b958810
Event: 47.377 Thread 0x000002356ee5e510 flushing  nmethod 0x000002355b95a110
Event: 47.377 Thread 0x000002356ee5e510 flushing  nmethod 0x000002355b95c890
Event: 47.377 Thread 0x000002356ee5e510 flushing  nmethod 0x000002355b95d290
Event: 47.377 Thread 0x000002356ee5e510 flushing  nmethod 0x000002355b95d710
Event: 47.377 Thread 0x000002356ee5e510 flushing  nmethod 0x000002355b95da90
Event: 47.377 Thread 0x000002356ee5e510 flushing  nmethod 0x000002355b95e490
Event: 47.377 Thread 0x000002356ee5e510 flushing  nmethod 0x000002355b967910

Events (20 events):
Event: 18.428 Thread 0x000002357510a0a0 Thread exited: 0x000002357510a0a0
Event: 20.669 Thread 0x0000023574de1ae0 Thread added: 0x0000023574c4a1d0
Event: 43.057 Thread 0x0000023574de1ae0 Thread added: 0x0000023574c4aef0
Event: 43.058 Thread 0x0000023574c4aef0 Thread added: 0x0000023577c71500
Event: 43.058 Thread 0x0000023577c71500 Thread added: 0x0000023577c72220
Event: 43.060 Thread 0x0000023577c71500 Thread added: 0x0000023577c6eda0
Event: 44.168 Thread 0x0000023574de00a0 Thread added: 0x0000023577c6e080
Event: 44.188 Thread 0x0000023577c6e080 Thread exited: 0x0000023577c6e080
Event: 44.199 Thread 0x0000023574de00a0 Thread added: 0x0000023577c707e0
Event: 44.202 Thread 0x0000023577c707e0 Thread added: 0x0000023577c71b90
Event: 44.204 Thread 0x0000023577c707e0 Thread added: 0x0000023577c70e70
Event: 44.208 Thread 0x0000023577c71b90 Thread exited: 0x0000023577c71b90
Event: 44.208 Thread 0x0000023577c707e0 Thread exited: 0x0000023577c707e0
Event: 44.208 Thread 0x0000023577c70e70 Thread exited: 0x0000023577c70e70
Event: 48.857 Thread 0x0000023574de1450 Thread added: 0x0000023577c71b90
Event: 48.857 Thread 0x0000023574de1450 Thread added: 0x0000023577c728b0
Event: 49.118 Thread 0x0000023574de1450 Thread added: 0x0000023577c742f0
Event: 49.399 Thread 0x000002356eef3120 Thread added: 0x0000023577a3b100
Event: 56.546 Thread 0x0000023577a3b100 Thread exited: 0x0000023577a3b100
Event: 61.508 Thread 0x0000023574de00a0 Thread added: 0x00000235776c5e80


Dynamic libraries:
0x00007ff691af0000 - 0x00007ff691afe000 	c:\Users\Admin\.vscode\extensions\redhat.java-1.52.0-win32-x64\jre\21.0.9-win32-x86_64\bin\java.exe
0x00007fff73970000 - 0x00007fff73b68000 	C:\Windows\SYSTEM32\ntdll.dll
0x00007fff71d00000 - 0x00007fff71dc2000 	C:\Windows\System32\KERNEL32.DLL
0x00007fff71330000 - 0x00007fff7162e000 	C:\Windows\System32\KERNELBASE.dll
0x00007fff716c0000 - 0x00007fff717c0000 	C:\Windows\System32\ucrtbase.dll
0x00007fff4a560000 - 0x00007fff4a578000 	c:\Users\Admin\.vscode\extensions\redhat.java-1.52.0-win32-x64\jre\21.0.9-win32-x86_64\bin\jli.dll
0x00007fff71ae0000 - 0x00007fff71c7d000 	C:\Windows\System32\USER32.dll
0x00007fff71130000 - 0x00007fff71152000 	C:\Windows\System32\win32u.dll
0x00007fff72e60000 - 0x00007fff72e8b000 	C:\Windows\System32\GDI32.dll
0x00007fff71010000 - 0x00007fff71127000 	C:\Windows\System32\gdi32full.dll
0x00007fff71260000 - 0x00007fff712fd000 	C:\Windows\System32\msvcp_win.dll
0x00007fff4a2c0000 - 0x00007fff4a2de000 	c:\Users\Admin\.vscode\extensions\redhat.java-1.52.0-win32-x64\jre\21.0.9-win32-x86_64\bin\VCRUNTIME140.dll
0x00007fff5f900000 - 0x00007fff5fb9a000 	C:\Windows\WinSxS\amd64_microsoft.windows.common-controls_6595b64144ccf1df_6.0.19041.4355_none_60b8b9eb71f62e16\COMCTL32.dll
0x00007fff72660000 - 0x00007fff726fe000 	C:\Windows\System32\msvcrt.dll
0x00007fff73900000 - 0x00007fff7392f000 	C:\Windows\System32\IMM32.DLL
0x00007fff4cad0000 - 0x00007fff4cadc000 	c:\Users\Admin\.vscode\extensions\redhat.java-1.52.0-win32-x64\jre\21.0.9-win32-x86_64\bin\vcruntime140_1.dll
0x00007fff3c970000 - 0x00007fff3c9fd000 	c:\Users\Admin\.vscode\extensions\redhat.java-1.52.0-win32-x64\jre\21.0.9-win32-x86_64\bin\msvcp140.dll
0x00007ffec6c50000 - 0x00007ffec79f0000 	c:\Users\Admin\.vscode\extensions\redhat.java-1.52.0-win32-x64\jre\21.0.9-win32-x86_64\bin\server\jvm.dll
0x00007fff71990000 - 0x00007fff71a41000 	C:\Windows\System32\ADVAPI32.dll
0x00007fff73160000 - 0x00007fff731ff000 	C:\Windows\System32\sechost.dll
0x00007fff72e90000 - 0x00007fff72fb3000 	C:\Windows\System32\RPCRT4.dll
0x00007fff71300000 - 0x00007fff71327000 	C:\Windows\System32\bcrypt.dll
0x00007fff73890000 - 0x00007fff738fb000 	C:\Windows\System32\WS2_32.dll
0x00007fff70e70000 - 0x00007fff70ebb000 	C:\Windows\SYSTEM32\POWRPROF.dll
0x00007fff5cf70000 - 0x00007fff5cf97000 	C:\Windows\SYSTEM32\WINMM.dll
0x00007fff6b330000 - 0x00007fff6b33a000 	C:\Windows\SYSTEM32\VERSION.dll
0x00007fff70e50000 - 0x00007fff70e62000 	C:\Windows\SYSTEM32\UMPDC.dll
0x00007fff6f7f0000 - 0x00007fff6f802000 	C:\Windows\SYSTEM32\kernel.appcore.dll
0x00007fff4c9e0000 - 0x00007fff4c9ea000 	c:\Users\Admin\.vscode\extensions\redhat.java-1.52.0-win32-x64\jre\21.0.9-win32-x86_64\bin\jimage.dll
0x00007fff6ed50000 - 0x00007fff6ef34000 	C:\Windows\SYSTEM32\DBGHELP.DLL
0x00007fff5ae80000 - 0x00007fff5aeb4000 	C:\Windows\SYSTEM32\dbgcore.DLL
0x00007fff71630000 - 0x00007fff716b2000 	C:\Windows\System32\bcryptPrimitives.dll
0x00007fff6a130000 - 0x00007fff6a13f000 	c:\Users\Admin\.vscode\extensions\redhat.java-1.52.0-win32-x64\jre\21.0.9-win32-x86_64\bin\instrument.dll
0x00007fff3ce70000 - 0x00007fff3ce90000 	c:\Users\Admin\.vscode\extensions\redhat.java-1.52.0-win32-x64\jre\21.0.9-win32-x86_64\bin\java.dll
0x00007fff71ef0000 - 0x00007fff7265d000 	C:\Windows\System32\SHELL32.dll
0x00007fff6f030000 - 0x00007fff6f7d4000 	C:\Windows\SYSTEM32\windows.storage.dll
0x00007fff73450000 - 0x00007fff737a3000 	C:\Windows\System32\combase.dll
0x00007fff70890000 - 0x00007fff708be000 	C:\Windows\SYSTEM32\Wldp.dll
0x00007fff728b0000 - 0x00007fff7297d000 	C:\Windows\System32\OLEAUT32.dll
0x00007fff73340000 - 0x00007fff733ed000 	C:\Windows\System32\SHCORE.dll
0x00007fff73100000 - 0x00007fff73155000 	C:\Windows\System32\shlwapi.dll
0x00007fff70f40000 - 0x00007fff70f64000 	C:\Windows\SYSTEM32\profapi.dll
0x00007fff3c950000 - 0x00007fff3c968000 	c:\Users\Admin\.vscode\extensions\redhat.java-1.52.0-win32-x64\jre\21.0.9-win32-x86_64\bin\zip.dll
0x00007fff4c8e0000 - 0x00007fff4c8f0000 	C:\Users\Admin\.vscode\extensions\redhat.java-1.52.0-win32-x64\jre\21.0.9-win32-x86_64\bin\net.dll
0x00007fff667b0000 - 0x00007fff668bd000 	C:\Windows\SYSTEM32\WINHTTP.dll
0x00007fff70670000 - 0x00007fff706da000 	C:\Windows\system32\mswsock.dll
0x00007fff3c930000 - 0x00007fff3c946000 	C:\Users\Admin\.vscode\extensions\redhat.java-1.52.0-win32-x64\jre\21.0.9-win32-x86_64\bin\nio.dll
0x00007fff4c9f0000 - 0x00007fff4ca00000 	c:\Users\Admin\.vscode\extensions\redhat.java-1.52.0-win32-x64\jre\21.0.9-win32-x86_64\bin\verify.dll
0x00007fff4c4f0000 - 0x00007fff4c535000 	C:\Users\Admin\AppData\Roaming\Code\User\globalStorage\redhat.java\1.52.0\config_win\org.eclipse.equinox.launcher\org.eclipse.equinox.launcher.win32.win32.x86_64_1.2.1500.v20260121-1430\eclipse_11919.dll
0x00007fff72fd0000 - 0x00007fff730fb000 	C:\Windows\System32\ole32.dll
0x00007fff708d0000 - 0x00007fff708e8000 	C:\Windows\SYSTEM32\CRYPTSP.dll
0x00007fff6ffb0000 - 0x00007fff6ffe4000 	C:\Windows\system32\rsaenh.dll
0x00007fff70f00000 - 0x00007fff70f2e000 	C:\Windows\SYSTEM32\USERENV.dll
0x00007fff70800000 - 0x00007fff7080c000 	C:\Windows\SYSTEM32\CRYPTBASE.dll
0x00007fff70370000 - 0x00007fff703ab000 	C:\Windows\SYSTEM32\IPHLPAPI.DLL
0x00007fff72fc0000 - 0x00007fff72fc8000 	C:\Windows\System32\NSI.dll
0x00007fff4c1a0000 - 0x00007fff4c1e9000 	C:\Users\Admin\AppData\Local\Temp\jna-63116079\jna14444479950352491212.dll
0x00007fff729e0000 - 0x00007fff729e8000 	C:\Windows\System32\PSAPI.DLL
0x00007fff6a490000 - 0x00007fff6a4a7000 	C:\Windows\SYSTEM32\dhcpcsvc6.DLL
0x00007fff6a3a0000 - 0x00007fff6a3bd000 	C:\Windows\SYSTEM32\dhcpcsvc.DLL

JVMTI agents:
c:\Users\Admin\.vscode\extensions\redhat.java-1.52.0-win32-x64\lombok\lombok-1.18.39-4050.jar path:c:\Users\Admin\.vscode\extensions\redhat.java-1.52.0-win32-x64\jre\21.0.9-win32-x86_64\bin\instrument.dll, loaded, initialized, instrumentlib options:none

dbghelp: loaded successfully - version: 4.0.5 - missing functions: none
symbol engine: initialized successfully - sym options: 0x614 - pdb path: .;c:\Users\Admin\.vscode\extensions\redhat.java-1.52.0-win32-x64\jre\21.0.9-win32-x86_64\bin;C:\Windows\SYSTEM32;C:\Windows\WinSxS\amd64_microsoft.windows.common-controls_6595b64144ccf1df_6.0.19041.4355_none_60b8b9eb71f62e16;c:\Users\Admin\.vscode\extensions\redhat.java-1.52.0-win32-x64\jre\21.0.9-win32-x86_64\bin\server;C:\Users\Admin\AppData\Roaming\Code\User\globalStorage\redhat.java\1.52.0\config_win\org.eclipse.equinox.launcher\org.eclipse.equinox.launcher.win32.win32.x86_64_1.2.1500.v20260121-1430;C:\Users\Admin\AppData\Local\Temp\jna-63116079

VM Arguments:
jvm_args: --add-modules=ALL-SYSTEM --add-opens=java.base/java.util=ALL-UNNAMED --add-opens=java.base/java.lang=ALL-UNNAMED --add-opens=java.base/sun.nio.fs=ALL-UNNAMED -Declipse.application=org.eclipse.jdt.ls.core.id1 -Dosgi.bundles.defaultStartLevel=4 -Declipse.product=org.eclipse.jdt.ls.core.product -Djava.import.generatesMetadataFilesAtProjectRoot=false -DDetectVMInstallationsJob.disabled=true -Dfile.encoding=utf8 -XX:+UseParallelGC -XX:GCTimeRatio=4 -XX:AdaptiveSizePolicyWeight=90 -Dsun.zip.disableMemoryMapping=true -Xmx2G -Xms100m -Xlog:disable -javaagent:c:\Users\Admin\.vscode\extensions\redhat.java-1.52.0-win32-x64\lombok\lombok-1.18.39-4050.jar -XX:+HeapDumpOnOutOfMemoryError -XX:HeapDumpPath=c:\Users\Admin\AppData\Roaming\Code\User\workspaceStorage\e795650eaacfea2b7671e9d0cf6aeb66\redhat.java -Daether.dependencyCollector.impl=bf 
java_command: c:\Users\Admin\.vscode\extensions\redhat.java-1.52.0-win32-x64\server\plugins\org.eclipse.equinox.launcher_1.7.100.v20251111-0406.jar -configuration c:\Users\Admin\AppData\Roaming\Code\User\globalStorage\redhat.java\1.52.0\config_win -data c:\Users\Admin\AppData\Roaming\Code\User\workspaceStorage\e795650eaacfea2b7671e9d0cf6aeb66\redhat.java\jdt_ws --pipe=\\.\pipe\lsp-2b8cd35e17f39bd83a7958e238e810e4-sock
java_class_path (initial): c:\Users\Admin\.vscode\extensions\redhat.java-1.52.0-win32-x64\server\plugins\org.eclipse.equinox.launcher_1.7.100.v20251111-0406.jar
Launcher Type: SUN_STANDARD

[Global flags]
    uintx AdaptiveSizePolicyWeight                 = 90                                        {product} {command line}
     intx CICompilerCount                          = 3                                         {product} {ergonomic}
    uintx GCTimeRatio                              = 4                                         {product} {command line}
     bool HeapDumpOnOutOfMemoryError               = true                                   {manageable} {command line}
    ccstr HeapDumpPath                             = c:\Users\Admin\AppData\Roaming\Code\User\workspaceStorage\e795650eaacfea2b7671e9d0cf6aeb66\redhat.java         {manageable} {command line}
   size_t InitialHeapSize                          = 104857600                                 {product} {command line}
   size_t MaxHeapSize                              = 2147483648                                {product} {command line}
   size_t MaxNewSize                               = 715653120                                 {product} {ergonomic}
   size_t MinHeapDeltaBytes                        = 524288                                    {product} {ergonomic}
   size_t MinHeapSize                              = 104857600                                 {product} {command line}
   size_t NewSize                                  = 34603008                                  {product} {ergonomic}
    uintx NonNMethodCodeHeapSize                   = 5832780                                {pd product} {ergonomic}
    uintx NonProfiledCodeHeapSize                  = 122912730                              {pd product} {ergonomic}
   size_t OldSize                                  = 70254592                                  {product} {ergonomic}
    uintx ProfiledCodeHeapSize                     = 122912730                              {pd product} {ergonomic}
    uintx ReservedCodeCacheSize                    = 251658240                              {pd product} {ergonomic}
     bool SegmentedCodeCache                       = true                                      {product} {ergonomic}
   size_t SoftMaxHeapSize                          = 2147483648                             {manageable} {ergonomic}
     bool UseCompressedOops                        = true                           {product lp64_product} {ergonomic}
     bool UseLargePagesIndividualAllocation        = false                                  {pd product} {ergonomic}
     bool UseParallelGC                            = true                                      {product} {command line}

Logging:
Log output configuration:
 #0: stdout all=off uptime,level,tags foldmultilines=false
 #1: stderr all=off uptime,level,tags foldmultilines=false

Release file:
JAVA_VERSION="21.0.9" 
MODULES="java.base java.compiler java.datatransfer java.xml java.prefs java.desktop java.instrument java.logging java.management java.security.sasl java.naming java.rmi java.management.rmi java.net.http java.scripting java.security.jgss java.transaction.xa java.sql java.sql.rowset java.xml.crypto java.se java.smartcardio jdk.accessibility jdk.internal.jvmstat jdk.attach jdk.charsets jdk.internal.opt jdk.zipfs jdk.compiler jdk.crypto.ec jdk.crypto.cryptoki jdk.crypto.mscapi jdk.dynalink jdk.internal.ed jdk.editpad jdk.hotspot.agent jdk.httpserver jdk.internal.le jdk.internal.vm.ci jdk.internal.vm.compiler jdk.internal.vm.compiler.management jdk.jartool jdk.javadoc jdk.jcmd jdk.management jdk.management.agent jdk.jconsole jdk.jdeps jdk.jdwp.agent jdk.jdi jdk.jfr jdk.jshell jdk.jsobject jdk.jstatd jdk.localedata jdk.management.jfr jdk.naming.dns jdk.naming.rmi jdk.net jdk.nio.mapmode jdk.random jdk.sctp jdk.security.auth jdk.security.jgss jdk.unsupported jdk.unsupported.desktop jdk.xml.dom" 

Environment Variables:
JAVA_HOME=C:\Program Files\Eclipse Adoptium\jdk-17.0.17.10-hotspot
PATH=C:\Program Files\Eclipse Adoptium\jdk-17.0.17.10-hotspot\bin;C:\Program Files\Oracle Client for Microsoft Tools\;C:\app\Admin\product\21c\dbhomeXE\bin;C:\Python312\Scripts\;C:\Python312\;C:\Windows\system32;C:\Windows;C:\Windows\System32\Wbem;C:\Windows\System32\WindowsPowerShell\v1.0\;C:\Windows\System32\OpenSSH\;C:\ProgramData\chocolatey\bin;C:\Program Files\Java\jdk-22\bin;C:\Program Files\PuTTY\;C:\Program Files\Git\cmd;C:\Program Files\MATLAB\R2025b\bin;C:\Program Files\nodejs\;C:\Program Files\PowerShell\7\;;C:\Program Files\Docker\Docker\resources\bin;C:\Users\Admin\AppData\Local\pnpm;C:\Users\Admin\AppData\Local\Microsoft\WindowsApps;C:\Program Files\Java\jdk-22\bin;C:\Users\Admin\AppData\Local\Programs\Microsoft VS Code\bin;C:\Users\Admin\AppData\Roaming\npm;C:\Users\Admin\.lmstudio\bin;C:\Users\Admin\AppData\Local\Programs\Antigravity\bin
USERNAME=Admin
OS=Windows_NT
PROCESSOR_IDENTIFIER=Intel64 Family 6 Model 126 Stepping 5, GenuineIntel
TMP=C:\Users\Admin\AppData\Local\Temp
TEMP=C:\Users\Admin\AppData\Local\Temp




Periodic native trim disabled

---------------  S Y S T E M  ---------------

OS:
 Windows 10 , 64 bit Build 19041 (10.0.19041.5072)
OS uptime: 2 days 0:10 hours
Hyper-V role detected

CPU: total 4 (initial active 4) (2 cores per cpu, 2 threads per core) family 6 model 126 stepping 5 microcode 0x78, cx8, cmov, fxsr, ht, mmx, 3dnowpref, sse, sse2, sse3, ssse3, sse4.1, sse4.2, popcnt, lzcnt, tsc, tscinvbit, avx, avx2, aes, erms, clmul, bmi1, bmi2, adx, avx512f, avx512dq, avx512cd, avx512bw, avx512vl, sha, fma, vzeroupper, avx512_vpopcntdq, avx512_vpclmulqdq, avx512_vaes, avx512_vnni, clflush, clflushopt, avx512_vbmi2, avx512_vbmi, hv, rdtscp, rdpid, fsrm, gfni, avx512_bitalg, f16c, avx512_ifma
Processor Information for the first 4 processors :
  Max Mhz: 1190, Current Mhz: 1190, Mhz Limit: 1190

Memory: 4k page, system-wide physical 7934M (203M free)
TotalPageFile size 16126M (AvailPageFile size 4M)
current process WorkingSet (physical memory assigned to process): 480M, peak: 698M
current process commit charge ("private bytes"): 749M, peak: 1651M

vm_info: OpenJDK 64-Bit Server VM (21.0.9+10-LTS) for windows-amd64 JRE (21.0.9+10-LTS), built on 2025-10-21T00:00:00Z by "admin" with unknown MS VC++:1942

END.
