#
# There is insufficient memory for the Java Runtime Environment to continue.
# Native memory allocation (malloc) failed to allocate 32784 bytes. Error detail: Chunk::new
# Possible reasons:
#   The system is out of physical RAM or swap space
#   This process is running with CompressedOops enabled, and the Java Heap may be blocking the growth of the native heap
# Possible solutions:
#   Reduce memory load on the system
#   Increase physical memory or swap space
#   Check if swap backing store is full
#   Decrease Java heap size (-Xmx/-Xms)
#   Decrease number of Java threads
#   Decrease Java thread stack sizes (-Xss)
#   Set larger code cache with -XX:ReservedCodeCacheSize=
#   JVM is running with Unscaled Compressed Oops mode in which the Java heap is
#     placed in the first 4GB address space. The Java Heap base address is the
#     maximum limit for the native heap growth. Please use -XX:HeapBaseMinAddress
#     to set the Java Heap base and to place the Java Heap above 4GB virtual address.
# This output file may be truncated or incomplete.
#
#  Out of Memory Error (arena.cpp:168), pid=13396, tid=12896
#
# JRE version: OpenJDK Runtime Environment Temurin-21.0.9+10 (21.0.9+10) (build 21.0.9+10-LTS)
# Java VM: OpenJDK 64-Bit Server VM Temurin-21.0.9+10 (21.0.9+10-LTS, mixed mode, sharing, tiered, compressed oops, compressed class ptrs, parallel gc, windows-amd64)
# No core dump will be written. Minidumps are not enabled by default on client versions of Windows
#

---------------  S U M M A R Y ------------

Command Line: --add-modules=ALL-SYSTEM --add-opens=java.base/java.util=ALL-UNNAMED --add-opens=java.base/java.lang=ALL-UNNAMED --add-opens=java.base/sun.nio.fs=ALL-UNNAMED -Declipse.application=org.eclipse.jdt.ls.core.id1 -Dosgi.bundles.defaultStartLevel=4 -Declipse.product=org.eclipse.jdt.ls.core.product -Djava.import.generatesMetadataFilesAtProjectRoot=false -DDetectVMInstallationsJob.disabled=true -Dfile.encoding=utf8 -XX:+UseParallelGC -XX:GCTimeRatio=4 -XX:AdaptiveSizePolicyWeight=90 -Dsun.zip.disableMemoryMapping=true -Xmx2G -Xms100m -Xlog:disable -javaagent:c:\Users\Admin\.vscode\extensions\redhat.java-1.52.0-win32-x64\lombok\lombok-1.18.39-4050.jar c:\Users\Admin\.vscode\extensions\redhat.java-1.52.0-win32-x64\server\plugins\org.eclipse.equinox.launcher_1.7.100.v20251111-0406.jar -configuration c:\Users\Admin\AppData\Roaming\Code\User\globalStorage\redhat.java\1.52.0\config_ss_win -data c:\Users\Admin\AppData\Roaming\Code\User\workspaceStorage\e795650eaacfea2b7671e9d0cf6aeb66\redhat.java\ss_ws --pipe=\\.\pipe\lsp-a9357e4a59043e7b6e92480677b79c55-sock

Host: Intel(R) Core(TM) i3-1005G1 CPU @ 1.20GHz, 4 cores, 7G,  Windows 10 , 64 bit Build 19041 (10.0.19041.5072)
Time: Thu Feb  5 19:05:40 2026 Hora est. Pacífico, Sudamérica elapsed time: 3.208684 seconds (0d 0h 0m 3s)

---------------  T H R E A D  ---------------

Current thread (0x000002081bf254a0):  JavaThread "C2 CompilerThread0" daemon [_thread_in_native, id=12896, stack(0x0000003552900000,0x0000003552a00000) (1024K)]


Current CompileTask:
C2:3208 1896   !   4       java.util.concurrent.ConcurrentHashMap::putVal (432 bytes)

Stack: [0x0000003552900000,0x0000003552a00000]
Native frames: (J=compiled Java code, j=interpreted, Vv=VM code, C=native code)
V  [jvm.dll+0x6d6e29]
V  [jvm.dll+0x8b4b76]
V  [jvm.dll+0x8b712e]
V  [jvm.dll+0x8b7813]
V  [jvm.dll+0x283d86]
V  [jvm.dll+0xc66ed]
V  [jvm.dll+0xc6c31]
V  [jvm.dll+0x6fc3b2]
V  [jvm.dll+0x24ace9]
V  [jvm.dll+0x1cb13e]
V  [jvm.dll+0x25b29d]
V  [jvm.dll+0x25982a]
V  [jvm.dll+0x3f7ea6]
V  [jvm.dll+0x85e9ad]
V  [jvm.dll+0x6d565d]
C  [ucrtbase.dll+0x21bb2]
C  [KERNEL32.DLL+0x17374]
C  [ntdll.dll+0x4cc91]


---------------  P R O C E S S  ---------------

Threads class SMR info:
_java_thread_list=0x000002087925b4a0, length=15, elements={
0x000002081c030130, 0x000002081bf18e40, 0x000002081bf1b5b0, 0x000002081bf1c4c0,
0x000002081bf1fc30, 0x000002081bf20940, 0x000002081bf24670, 0x000002081bf254a0,
0x000002081bf9b810, 0x00000208747decd0, 0x00000208748cbce0, 0x0000020879417ae0,
0x00000208792ffdb0, 0x00000208793d4fd0, 0x00000208794f0cb0
}

Java Threads: ( => current thread )
  0x000002081c030130 JavaThread "main"                              [_thread_blocked, id=16492, stack(0x0000003551f00000,0x0000003552000000) (1024K)]
  0x000002081bf18e40 JavaThread "Reference Handler"          daemon [_thread_blocked, id=9404, stack(0x0000003552300000,0x0000003552400000) (1024K)]
  0x000002081bf1b5b0 JavaThread "Finalizer"                  daemon [_thread_blocked, id=2624, stack(0x0000003552400000,0x0000003552500000) (1024K)]
  0x000002081bf1c4c0 JavaThread "Signal Dispatcher"          daemon [_thread_blocked, id=17628, stack(0x0000003552500000,0x0000003552600000) (1024K)]
  0x000002081bf1fc30 JavaThread "Attach Listener"            daemon [_thread_blocked, id=2728, stack(0x0000003552600000,0x0000003552700000) (1024K)]
  0x000002081bf20940 JavaThread "Service Thread"             daemon [_thread_blocked, id=11152, stack(0x0000003552700000,0x0000003552800000) (1024K)]
  0x000002081bf24670 JavaThread "Monitor Deflation Thread"   daemon [_thread_blocked, id=17248, stack(0x0000003552800000,0x0000003552900000) (1024K)]
=>0x000002081bf254a0 JavaThread "C2 CompilerThread0"         daemon [_thread_in_native, id=12896, stack(0x0000003552900000,0x0000003552a00000) (1024K)]
  0x000002081bf9b810 JavaThread "C1 CompilerThread0"         daemon [_thread_blocked, id=5624, stack(0x0000003552a00000,0x0000003552b00000) (1024K)]
  0x00000208747decd0 JavaThread "Common-Cleaner"             daemon [_thread_blocked, id=14828, stack(0x0000003552b00000,0x0000003552c00000) (1024K)]
  0x00000208748cbce0 JavaThread "Notification Thread"        daemon [_thread_blocked, id=11524, stack(0x0000003552c00000,0x0000003552d00000) (1024K)]
  0x0000020879417ae0 JavaThread "Active Thread: Equinox Container: 2c934ceb-4d0f-44fb-9234-0cd2de50e941"        [_thread_blocked, id=5196, stack(0x0000003553000000,0x0000003553100000) (1024K)]
  0x00000208792ffdb0 JavaThread "Framework Event Dispatcher: Equinox Container: 2c934ceb-4d0f-44fb-9234-0cd2de50e941" daemon [_thread_blocked, id=16784, stack(0x0000003553100000,0x0000003553200000) (1024K)]
  0x00000208793d4fd0 JavaThread "Start Level: Equinox Container: 2c934ceb-4d0f-44fb-9234-0cd2de50e941" daemon [_thread_in_native, id=15544, stack(0x0000003553200000,0x0000003553300000) (1024K)]
  0x00000208794f0cb0 JavaThread "SCR Component Actor"        daemon [_thread_blocked, id=9648, stack(0x0000003553300000,0x0000003553400000) (1024K)]
Total: 15

Other Threads:
  0x000002081c0ee380 VMThread "VM Thread"                           [id=17284, stack(0x0000003552200000,0x0000003552300000) (1024K)]
  0x000002081becc950 WatcherThread "VM Periodic Task Thread"        [id=8652, stack(0x0000003552100000,0x0000003552200000) (1024K)]
  0x000002081c04e000 WorkerThread "GC Thread#0"                     [id=14620, stack(0x0000003552000000,0x0000003552100000) (1024K)]
  0x00000208792e4860 WorkerThread "GC Thread#1"                     [id=17696, stack(0x0000003552d00000,0x0000003552e00000) (1024K)]
  0x0000020879368b90 WorkerThread "GC Thread#2"                     [id=16020, stack(0x0000003552e00000,0x0000003552f00000) (1024K)]
  0x0000020879368f30 WorkerThread "GC Thread#3"                     [id=14724, stack(0x0000003552f00000,0x0000003553000000) (1024K)]
Total: 6

Threads with active compile tasks:
C2 CompilerThread0  3234 1896   !   4       java.util.concurrent.ConcurrentHashMap::putVal (432 bytes)
Total: 1

VM state: not at safepoint (normal execution)

VM Mutex/Monitor currently owned by a thread: None

Heap address: 0x0000000080000000, size: 2048 MB, Compressed Oops mode: 32-bit

CDS archive(s) mapped at: [0x0000020833000000-0x0000020833ba0000-0x0000020833ba0000), size 12189696, SharedBaseAddress: 0x0000020833000000, ArchiveRelocationMode: 1.
Compressed class space mapped at: 0x0000020834000000-0x0000020874000000, reserved size: 1073741824
Narrow klass base: 0x0000020833000000, Narrow klass shift: 0, Narrow klass range: 0x100000000

GC Precious Log:
 CardTable entry size: 512
 CPUs: 4 total, 4 available
 Memory: 7934M
 Large Page Support: Disabled
 NUMA Support: Disabled
 Compressed Oops: Enabled (32-bit)
 Alignments: Space 512K, Generation 512K, Heap 2M
 Heap Min Capacity: 100M
 Heap Initial Capacity: 100M
 Heap Max Capacity: 2G
 Pre-touch: Disabled
 Parallel Workers: 4

Heap:
 PSYoungGen      total 29696K, used 13342K [0x00000000d5580000, 0x00000000d7680000, 0x0000000100000000)
  eden space 25600K, 36% used [0x00000000d5580000,0x00000000d5e8a390,0x00000000d6e80000)
  from space 4096K, 99% used [0x00000000d7280000,0x00000000d767d810,0x00000000d7680000)
  to   space 4096K, 0% used [0x00000000d6e80000,0x00000000d6e80000,0x00000000d7280000)
 ParOldGen       total 68608K, used 1081K [0x0000000080000000, 0x0000000084300000, 0x00000000d5580000)
  object space 68608K, 1% used [0x0000000080000000,0x000000008010e6a8,0x0000000084300000)
 Metaspace       used 10106K, committed 10432K, reserved 1114112K
  class space    used 1080K, committed 1216K, reserved 1048576K

Card table byte_map: [0x000002081b9e0000,0x000002081bdf0000] _byte_map_base: 0x000002081b5e0000

Marking Bits: (ParMarkBitMap*) 0x00007ffec7912460
 Begin Bits: [0x000002082e4f0000, 0x00000208304f0000)
 End Bits:   [0x00000208304f0000, 0x00000208324f0000)

Polling page: 0x0000020819ed0000

Metaspace:

Usage:
  Non-class:      8.81 MB used.
      Class:      1.05 MB used.
       Both:      9.87 MB used.

Virtual space:
  Non-class space:       64.00 MB reserved,       9.00 MB ( 14%) committed,  1 nodes.
      Class space:        1.00 GB reserved,       1.19 MB ( <1%) committed,  1 nodes.
             Both:        1.06 GB reserved,      10.19 MB ( <1%) committed. 

Chunk freelists:
   Non-Class:  6.55 MB
       Class:  14.76 MB
        Both:  21.30 MB

MaxMetaspaceSize: unlimited
CompressedClassSpaceSize: 1.00 GB
Initial GC threshold: 21.00 MB
Current GC threshold: 21.00 MB
CDS: on
 - commit_granule_bytes: 65536.
 - commit_granule_words: 8192.
 - virtual_space_node_default_size: 8388608.
 - enlarge_chunks_in_place: 1.
 - use_allocation_guard: 0.


Internal statistics:

num_allocs_failed_limit: 0.
num_arena_births: 242.
num_arena_deaths: 0.
num_vsnodes_births: 2.
num_vsnodes_deaths: 0.
num_space_committed: 163.
num_space_uncommitted: 0.
num_chunks_returned_to_freelist: 0.
num_chunks_taken_from_freelist: 509.
num_chunk_merges: 0.
num_chunk_splits: 327.
num_chunks_enlarged: 214.
num_inconsistent_stats: 0.

CodeHeap 'non-profiled nmethods': size=120000Kb used=776Kb max_used=776Kb free=119223Kb
 bounds [0x0000020826d10000, 0x0000020826f80000, 0x000002082e240000]
CodeHeap 'profiled nmethods': size=120000Kb used=3483Kb max_used=3483Kb free=116516Kb
 bounds [0x000002081f240000, 0x000002081f5b0000, 0x0000020826770000]
CodeHeap 'non-nmethods': size=5760Kb used=1230Kb max_used=1246Kb free=4529Kb
 bounds [0x0000020826770000, 0x00000208269e0000, 0x0000020826d10000]
CodeCache: size=245760Kb, used=5489Kb, max_used=5505Kb, free=240268Kb
 total_blobs=2398, nmethods=1910, adapters=395, full_count=0
Compilation: enabled, stopped_count=0, restarted_count=0

Compilation events (20 events):
Event: 3.184 Thread 0x000002081bf9b810 nmethod 1886 0x000002081f59c810 code [0x000002081f59c9c0, 0x000002081f59cb58]
Event: 3.188 Thread 0x000002081bf9b810 1887       3       java.io.FilterInputStream::read (11 bytes)
Event: 3.188 Thread 0x000002081bf9b810 nmethod 1887 0x000002081f59cc10 code [0x000002081f59cdc0, 0x000002081f59cf98]
Event: 3.192 Thread 0x000002081bf9b810 1888       3       java.util.Collections$UnmodifiableMap::getOrDefault (12 bytes)
Event: 3.192 Thread 0x000002081bf9b810 nmethod 1888 0x000002081f59d090 code [0x000002081f59d240, 0x000002081f59d418]
Event: 3.195 Thread 0x000002081bf9b810 1889       3       org.eclipse.osgi.internal.framework.FilterImpl$Parser::skipWhiteSpace (43 bytes)
Event: 3.195 Thread 0x000002081bf9b810 nmethod 1889 0x000002081f59d510 code [0x000002081f59d700, 0x000002081f59daf8]
Event: 3.200 Thread 0x000002081bf9b810 1890       3       java.lang.ThreadLocal$ThreadLocalMap::set (133 bytes)
Event: 3.200 Thread 0x000002081bf9b810 nmethod 1890 0x000002081f59dd10 code [0x000002081f59dfa0, 0x000002081f59ebb0]
Event: 3.202 Thread 0x000002081bf9b810 1891       3       java.lang.ThreadLocal::set (18 bytes)
Event: 3.203 Thread 0x000002081bf9b810 nmethod 1891 0x000002081f59f090 code [0x000002081f59f260, 0x000002081f59f638]
Event: 3.205 Thread 0x000002081bf9b810 1892       3       java.util.ArrayList::remove (76 bytes)
Event: 3.205 Thread 0x000002081bf9b810 nmethod 1892 0x000002081f59f810 code [0x000002081f59fa00, 0x000002081f59fec0]
Event: 3.205 Thread 0x000002081bf9b810 1893       1       org.eclipse.osgi.internal.loader.EquinoxClassLoader::getClasspathManager (5 bytes)
Event: 3.205 Thread 0x000002081bf9b810 nmethod 1893 0x0000020826dd0490 code [0x0000020826dd0620, 0x0000020826dd06e8]
Event: 3.206 Thread 0x000002081bf9b810 1895       3       org.eclipse.osgi.internal.hookregistry.ClassLoaderHook::preFindLocalClass (1 bytes)
Event: 3.206 Thread 0x000002081bf9b810 nmethod 1895 0x000002081f5a0090 code [0x000002081f5a0220, 0x000002081f5a0328]
Event: 3.206 Thread 0x000002081bf9b810 1894       1       org.eclipse.osgi.internal.loader.classpath.ClasspathManager::getGeneration (5 bytes)
Event: 3.206 Thread 0x000002081bf9b810 nmethod 1894 0x0000020826dd0790 code [0x0000020826dd0920, 0x0000020826dd09e8]
Event: 3.206 Thread 0x000002081bf254a0 1896   !   4       java.util.concurrent.ConcurrentHashMap::putVal (432 bytes)

GC Heap History (4 events):
Event: 1.374 GC heap before
{Heap before GC invocations=1 (full 0):
 PSYoungGen      total 29696K, used 25600K [0x00000000d5580000, 0x00000000d7680000, 0x0000000100000000)
  eden space 25600K, 100% used [0x00000000d5580000,0x00000000d6e80000,0x00000000d6e80000)
  from space 4096K, 0% used [0x00000000d7280000,0x00000000d7280000,0x00000000d7680000)
  to   space 4096K, 0% used [0x00000000d6e80000,0x00000000d6e80000,0x00000000d7280000)
 ParOldGen       total 68608K, used 0K [0x0000000080000000, 0x0000000084300000, 0x00000000d5580000)
  object space 68608K, 0% used [0x0000000080000000,0x0000000080000000,0x0000000084300000)
 Metaspace       used 4358K, committed 4608K, reserved 1114112K
  class space    used 473K, committed 576K, reserved 1048576K
}
Event: 1.405 GC heap after
{Heap after GC invocations=1 (full 0):
 PSYoungGen      total 29696K, used 3280K [0x00000000d5580000, 0x00000000d7680000, 0x0000000100000000)
  eden space 25600K, 0% used [0x00000000d5580000,0x00000000d5580000,0x00000000d6e80000)
  from space 4096K, 80% used [0x00000000d6e80000,0x00000000d71b4148,0x00000000d7280000)
  to   space 4096K, 0% used [0x00000000d7280000,0x00000000d7280000,0x00000000d7680000)
 ParOldGen       total 68608K, used 0K [0x0000000080000000, 0x0000000084300000, 0x00000000d5580000)
  object space 68608K, 0% used [0x0000000080000000,0x0000000080000000,0x0000000084300000)
 Metaspace       used 4358K, committed 4608K, reserved 1114112K
  class space    used 473K, committed 576K, reserved 1048576K
}
Event: 2.980 GC heap before
{Heap before GC invocations=2 (full 0):
 PSYoungGen      total 29696K, used 28878K [0x00000000d5580000, 0x00000000d7680000, 0x0000000100000000)
  eden space 25600K, 99% used [0x00000000d5580000,0x00000000d6e7faa8,0x00000000d6e80000)
  from space 4096K, 80% used [0x00000000d6e80000,0x00000000d71b4148,0x00000000d7280000)
  to   space 4096K, 0% used [0x00000000d7280000,0x00000000d7280000,0x00000000d7680000)
 ParOldGen       total 68608K, used 0K [0x0000000080000000, 0x0000000084300000, 0x00000000d5580000)
  object space 68608K, 0% used [0x0000000080000000,0x0000000080000000,0x0000000084300000)
 Metaspace       used 8150K, committed 8448K, reserved 1114112K
  class space    used 865K, committed 960K, reserved 1048576K
}
Event: 2.985 GC heap after
{Heap after GC invocations=2 (full 0):
 PSYoungGen      total 29696K, used 4086K [0x00000000d5580000, 0x00000000d7680000, 0x0000000100000000)
  eden space 25600K, 0% used [0x00000000d5580000,0x00000000d5580000,0x00000000d6e80000)
  from space 4096K, 99% used [0x00000000d7280000,0x00000000d767d810,0x00000000d7680000)
  to   space 4096K, 0% used [0x00000000d6e80000,0x00000000d6e80000,0x00000000d7280000)
 ParOldGen       total 68608K, used 1081K [0x0000000080000000, 0x0000000084300000, 0x00000000d5580000)
  object space 68608K, 1% used [0x0000000080000000,0x000000008010e6a8,0x0000000084300000)
 Metaspace       used 8150K, committed 8448K, reserved 1114112K
  class space    used 865K, committed 960K, reserved 1048576K
}

Dll operation events (9 events):
Event: 0.021 Loaded shared library c:\Users\Admin\.vscode\extensions\redhat.java-1.52.0-win32-x64\jre\21.0.9-win32-x86_64\bin\java.dll
Event: 0.142 Loaded shared library c:\Users\Admin\.vscode\extensions\redhat.java-1.52.0-win32-x64\jre\21.0.9-win32-x86_64\bin\zip.dll
Event: 0.167 Loaded shared library C:\Users\Admin\.vscode\extensions\redhat.java-1.52.0-win32-x64\jre\21.0.9-win32-x86_64\bin\instrument.dll
Event: 0.191 Loaded shared library C:\Users\Admin\.vscode\extensions\redhat.java-1.52.0-win32-x64\jre\21.0.9-win32-x86_64\bin\net.dll
Event: 0.196 Loaded shared library C:\Users\Admin\.vscode\extensions\redhat.java-1.52.0-win32-x64\jre\21.0.9-win32-x86_64\bin\nio.dll
Event: 0.200 Loaded shared library C:\Users\Admin\.vscode\extensions\redhat.java-1.52.0-win32-x64\jre\21.0.9-win32-x86_64\bin\zip.dll
Event: 0.222 Loaded shared library C:\Users\Admin\.vscode\extensions\redhat.java-1.52.0-win32-x64\jre\21.0.9-win32-x86_64\bin\jimage.dll
Event: 0.408 Loaded shared library c:\Users\Admin\.vscode\extensions\redhat.java-1.52.0-win32-x64\jre\21.0.9-win32-x86_64\bin\verify.dll
Event: 2.943 Loaded shared library C:\Users\Admin\AppData\Roaming\Code\User\globalStorage\redhat.java\1.52.0\config_ss_win\org.eclipse.equinox.launcher\org.eclipse.equinox.launcher.win32.win32.x86_64_1.2.1500.v20260121-1430\eclipse_11919.dll

Deoptimization events (20 events):
Event: 2.571 Thread 0x000002081c030130 DEOPT PACKING pc=0x0000020826da74dc sp=0x0000003551ffe650
Event: 2.571 Thread 0x000002081c030130 DEOPT UNPACKING pc=0x00000208267c6da2 sp=0x0000003551ffe5e0 mode 2
Event: 2.685 Thread 0x000002081c030130 DEOPT PACKING pc=0x000002081f3c1588 sp=0x0000003551ffc840
Event: 2.685 Thread 0x000002081c030130 DEOPT UNPACKING pc=0x00000208267c78e2 sp=0x0000003551ffbcc0 mode 0
Event: 2.686 Thread 0x000002081c030130 DEOPT PACKING pc=0x000002081f3c1588 sp=0x0000003551ffcb50
Event: 2.686 Thread 0x000002081c030130 DEOPT UNPACKING pc=0x00000208267c78e2 sp=0x0000003551ffbfd0 mode 0
Event: 2.687 Thread 0x000002081c030130 DEOPT PACKING pc=0x000002081f3c1588 sp=0x0000003551ffcaa0
Event: 2.687 Thread 0x000002081c030130 DEOPT UNPACKING pc=0x00000208267c78e2 sp=0x0000003551ffbf20 mode 0
Event: 2.688 Thread 0x000002081c030130 DEOPT PACKING pc=0x000002081f3c1588 sp=0x0000003551ffcda0
Event: 2.688 Thread 0x000002081c030130 DEOPT UNPACKING pc=0x00000208267c78e2 sp=0x0000003551ffc220 mode 0
Event: 2.892 Thread 0x000002081c030130 DEOPT PACKING pc=0x000002081f3eb243 sp=0x0000003551ffeae0
Event: 2.892 Thread 0x000002081c030130 DEOPT UNPACKING pc=0x00000208267c78e2 sp=0x0000003551ffdf58 mode 0
Event: 2.966 Thread 0x00000208793d4fd0 Uncommon trap: trap_request=0xffffff6e fr.pc=0x0000020826d824b0 relative=0x0000000000000370
Event: 2.966 Thread 0x00000208793d4fd0 Uncommon trap: reason=loop_limit_check action=maybe_recompile pc=0x0000020826d824b0 method=java.lang.StringLatin1.indexOf([BI[BII)I @ 37 c2
Event: 2.966 Thread 0x00000208793d4fd0 DEOPT PACKING pc=0x0000020826d824b0 sp=0x00000035532f8a70
Event: 2.966 Thread 0x00000208793d4fd0 DEOPT UNPACKING pc=0x00000208267c6da2 sp=0x00000035532f89d0 mode 2
Event: 3.000 Thread 0x000002081c030130 Uncommon trap: trap_request=0xffffff45 fr.pc=0x0000020826d95ce0 relative=0x0000000000000040
Event: 3.000 Thread 0x000002081c030130 Uncommon trap: reason=unstable_if action=reinterpret pc=0x0000020826d95ce0 method=java.util.concurrent.locks.AbstractQueuedSynchronizer.signalNext(Ljava/util/concurrent/locks/AbstractQueuedSynchronizer$Node;)V @ 1 c2
Event: 3.000 Thread 0x000002081c030130 DEOPT PACKING pc=0x0000020826d95ce0 sp=0x0000003551ffed00
Event: 3.000 Thread 0x000002081c030130 DEOPT UNPACKING pc=0x00000208267c6da2 sp=0x0000003551ffec98 mode 2

Classes loaded (20 events):
Event: 3.162 Loading class com/sun/org/apache/xerces/internal/parsers/AbstractSAXParser$LocatorProxy
Event: 3.162 Loading class org/xml/sax/ext/Locator2
Event: 3.162 Loading class org/xml/sax/Locator
Event: 3.162 Loading class org/xml/sax/Locator done
Event: 3.162 Loading class org/xml/sax/ext/Locator2 done
Event: 3.163 Loading class com/sun/org/apache/xerces/internal/parsers/AbstractSAXParser$LocatorProxy done
Event: 3.163 Loading class com/sun/org/apache/xerces/internal/impl/XMLScanner$NameType
Event: 3.163 Loading class com/sun/org/apache/xerces/internal/impl/XMLScanner$NameType done
Event: 3.163 Loading class com/sun/org/apache/xerces/internal/impl/Constants
Event: 3.164 Loading class com/sun/org/apache/xerces/internal/impl/Constants done
Event: 3.165 Loading class com/sun/org/apache/xerces/internal/impl/Constants$ArrayEnumeration
Event: 3.165 Loading class com/sun/org/apache/xerces/internal/impl/Constants$ArrayEnumeration done
Event: 3.176 Loading class com/sun/org/apache/xerces/internal/impl/io/MalformedByteSequenceException
Event: 3.176 Loading class java/io/CharConversionException
Event: 3.176 Loading class java/io/CharConversionException done
Event: 3.176 Loading class com/sun/org/apache/xerces/internal/impl/io/MalformedByteSequenceException done
Event: 3.191 Loading class java/util/concurrent/RejectedExecutionException
Event: 3.191 Loading class java/util/concurrent/RejectedExecutionException done
Event: 3.191 Loading class java/util/concurrent/CompletionStage
Event: 3.192 Loading class java/util/concurrent/CompletionStage done

Classes unloaded (0 events):
No events

Classes redefined (0 events):
No events

Internal exceptions (20 events):
Event: 1.412 Thread 0x000002081c030130 Exception <a 'java/lang/ClassNotFoundException'{0x00000000d5586c60}: sun/net/www/protocol/c/Handler> (0x00000000d5586c60) 
thrown [s\src\hotspot\share\classfile\systemDictionary.cpp, line 312]
Event: 1.413 Thread 0x000002081c030130 Exception <a 'java/lang/ClassNotFoundException'{0x00000000d5587e98}: sun/net/www/protocol/c/Handler> (0x00000000d5587e98) 
thrown [s\src\hotspot\share\classfile\systemDictionary.cpp, line 312]
Event: 1.423 Thread 0x000002081c030130 Exception <a 'java/io/FileNotFoundException'{0x00000000d55b0220}> (0x00000000d55b0220) 
thrown [s\src\hotspot\share\prims\jni.cpp, line 520]
Event: 1.548 Thread 0x000002081c030130 Implicit null exception at 0x0000020826d7a929 to 0x0000020826d7b3a8
Event: 1.549 Thread 0x000002081c030130 Implicit null exception at 0x0000020826d7f79a to 0x0000020826d7f9a0
Event: 1.550 Thread 0x000002081c030130 Exception <a 'java/lang/NoSuchMethodError'{0x00000000d56df938}: 'void java.lang.invoke.DirectMethodHandle$Holder.invokeStatic(java.lang.Object, java.lang.Object, java.lang.Object, java.lang.Object)'> (0x00000000d56df938) 
thrown [s\src\hotspot\share\interpreter\linkResolver.cpp, line 773]
Event: 1.551 Thread 0x000002081c030130 Implicit null exception at 0x0000020826d6f59a to 0x0000020826d6f7a4
Event: 1.552 Thread 0x000002081c030130 Implicit null exception at 0x0000020826d6bcbd to 0x0000020826d6bd41
Event: 1.743 Thread 0x000002081c030130 Exception <a 'java/lang/NoSuchMethodError'{0x00000000d59a44f8}: 'void java.lang.invoke.DirectMethodHandle$Holder.invokeSpecial(java.lang.Object, java.lang.Object, java.lang.Object)'> (0x00000000d59a44f8) 
thrown [s\src\hotspot\share\interpreter\linkResolver.cpp, line 773]
Event: 2.326 Thread 0x000002081c030130 Exception <a 'java/lang/NoSuchMethodError'{0x00000000d62b0300}: 'int java.lang.invoke.DirectMethodHandle$Holder.invokeVirtual(java.lang.Object, java.lang.Object)'> (0x00000000d62b0300) 
thrown [s\src\hotspot\share\interpreter\linkResolver.cpp, line 773]
Event: 2.394 Thread 0x000002081c030130 Exception <a 'java/lang/NoSuchMethodError'{0x00000000d6423120}: 'int java.lang.invoke.DirectMethodHandle$Holder.invokeStaticInit(java.lang.Object, java.lang.Object, java.lang.Object, java.lang.Object)'> (0x00000000d6423120) 
thrown [s\src\hotspot\share\interpreter\linkResolver.cpp, line 773]
Event: 2.396 Thread 0x000002081c030130 Exception <a 'java/lang/IncompatibleClassChangeError'{0x00000000d642b528}: Found class java.lang.Object, but interface was expected> (0x00000000d642b528) 
thrown [s\src\hotspot\share\interpreter\linkResolver.cpp, line 840]
Event: 2.397 Thread 0x000002081c030130 Exception <a 'java/lang/NoSuchMethodError'{0x00000000d6431ad8}: 'void java.lang.invoke.DirectMethodHandle$Holder.invokeStaticInit(java.lang.Object, java.lang.Object)'> (0x00000000d6431ad8) 
thrown [s\src\hotspot\share\interpreter\linkResolver.cpp, line 773]
Event: 2.398 Thread 0x000002081c030130 Exception <a 'java/lang/NoSuchMethodError'{0x00000000d643acb0}: 'int java.lang.invoke.DirectMethodHandle$Holder.invokeStaticInit(java.lang.Object, java.lang.Object)'> (0x00000000d643acb0) 
thrown [s\src\hotspot\share\interpreter\linkResolver.cpp, line 773]
Event: 2.470 Thread 0x000002081c030130 Exception <a 'java/lang/NoSuchMethodError'{0x00000000d6680260}: 'java.lang.Object java.lang.invoke.DirectMethodHandle$Holder.newInvokeSpecial(java.lang.Object, int, java.lang.Object)'> (0x00000000d6680260) 
thrown [s\src\hotspot\share\interpreter\linkResolver.cpp, line 773]
Event: 2.636 Thread 0x000002081c030130 Exception <a 'java/lang/ClassNotFoundException'{0x00000000d6896cf8}: sun/net/www/protocol/plurl/Handler> (0x00000000d6896cf8) 
thrown [s\src\hotspot\share\classfile\systemDictionary.cpp, line 312]
Event: 2.636 Thread 0x000002081c030130 Exception <a 'java/lang/ClassNotFoundException'{0x00000000d6897b78}: sun/net/www/protocol/plurl/Handler> (0x00000000d6897b78) 
thrown [s\src\hotspot\share\classfile\systemDictionary.cpp, line 312]
Event: 2.936 Thread 0x000002081c030130 Exception <a 'java/lang/UnsatisfiedLinkError'{0x00000000d6d0e8e0}: 'void org.eclipse.equinox.launcher.JNIBridge._update_splash()'> (0x00000000d6d0e8e0) 
thrown [s\src\hotspot\share\prims\nativeLookup.cpp, line 415]
Event: 3.072 Thread 0x00000208793d4fd0 Exception <a 'java/lang/NullPointerException'{0x00000000d5823bf8}> (0x00000000d5823bf8) 
thrown [s\src\hotspot\share\interpreter\linkResolver.cpp, line 1372]
Event: 3.072 Thread 0x00000208793d4fd0 Exception <a 'java/lang/NullPointerException'{0x00000000d5823ed8}> (0x00000000d5823ed8) 
thrown [s\src\hotspot\share\interpreter\linkResolver.cpp, line 1372]

ZGC Phase Switch (0 events):
No events

VM Operations (20 events):
Event: 0.918 Executing VM operation: HandshakeAllThreads (Deoptimize)
Event: 0.918 Executing VM operation: HandshakeAllThreads (Deoptimize) done
Event: 0.935 Executing VM operation: HandshakeAllThreads (Deoptimize)
Event: 0.935 Executing VM operation: HandshakeAllThreads (Deoptimize) done
Event: 1.355 Executing VM operation: ICBufferFull
Event: 1.355 Executing VM operation: ICBufferFull done
Event: 1.374 Executing VM operation: ParallelGCFailedAllocation (Allocation Failure)
Event: 1.406 Executing VM operation: ParallelGCFailedAllocation (Allocation Failure) done
Event: 2.420 Executing VM operation: Cleanup
Event: 2.436 Executing VM operation: Cleanup done
Event: 2.446 Executing VM operation: HandshakeAllThreads (Deoptimize)
Event: 2.447 Executing VM operation: HandshakeAllThreads (Deoptimize) done
Event: 2.455 Executing VM operation: HandshakeAllThreads (Deoptimize)
Event: 2.455 Executing VM operation: HandshakeAllThreads (Deoptimize) done
Event: 2.595 Executing VM operation: HandshakeAllThreads (Deoptimize)
Event: 2.595 Executing VM operation: HandshakeAllThreads (Deoptimize) done
Event: 2.630 Executing VM operation: HandshakeAllThreads (Deoptimize)
Event: 2.630 Executing VM operation: HandshakeAllThreads (Deoptimize) done
Event: 2.980 Executing VM operation: ParallelGCFailedAllocation (Allocation Failure)
Event: 2.985 Executing VM operation: ParallelGCFailedAllocation (Allocation Failure) done

Memory protections (0 events):
No events

Nmethod flushes (0 events):
No events

Events (15 events):
Event: 0.037 Thread 0x000002081c030130 Thread added: 0x000002081c030130
Event: 0.068 Thread 0x000002081c030130 Thread added: 0x000002081bf18e40
Event: 0.068 Thread 0x000002081c030130 Thread added: 0x000002081bf1b5b0
Event: 0.068 Thread 0x000002081c030130 Thread added: 0x000002081bf1c4c0
Event: 0.069 Thread 0x000002081c030130 Thread added: 0x000002081bf1fc30
Event: 0.069 Thread 0x000002081c030130 Thread added: 0x000002081bf20940
Event: 0.069 Thread 0x000002081c030130 Thread added: 0x000002081bf24670
Event: 0.069 Thread 0x000002081c030130 Thread added: 0x000002081bf254a0
Event: 0.076 Thread 0x000002081c030130 Thread added: 0x000002081bf9b810
Event: 0.169 Thread 0x000002081c030130 Thread added: 0x00000208747decd0
Event: 0.671 Thread 0x000002081c030130 Thread added: 0x00000208748cbce0
Event: 2.412 Thread 0x000002081c030130 Thread added: 0x0000020879417ae0
Event: 2.926 Thread 0x000002081c030130 Thread added: 0x00000208792ffdb0
Event: 2.933 Thread 0x000002081c030130 Thread added: 0x00000208793d4fd0
Event: 3.194 Thread 0x00000208793d4fd0 Thread added: 0x00000208794f0cb0


Dynamic libraries:
0x00007ff691af0000 - 0x00007ff691afe000 	c:\Users\Admin\.vscode\extensions\redhat.java-1.52.0-win32-x64\jre\21.0.9-win32-x86_64\bin\java.exe
0x00007fff73970000 - 0x00007fff73b68000 	C:\Windows\SYSTEM32\ntdll.dll
0x00007fff71d00000 - 0x00007fff71dc2000 	C:\Windows\System32\KERNEL32.DLL
0x00007fff71330000 - 0x00007fff7162e000 	C:\Windows\System32\KERNELBASE.dll
0x00007fff716c0000 - 0x00007fff717c0000 	C:\Windows\System32\ucrtbase.dll
0x00007fff4a560000 - 0x00007fff4a578000 	c:\Users\Admin\.vscode\extensions\redhat.java-1.52.0-win32-x64\jre\21.0.9-win32-x86_64\bin\jli.dll
0x00007fff71ae0000 - 0x00007fff71c7d000 	C:\Windows\System32\USER32.dll
0x00007fff71130000 - 0x00007fff71152000 	C:\Windows\System32\win32u.dll
0x00007fff72e60000 - 0x00007fff72e8b000 	C:\Windows\System32\GDI32.dll
0x00007fff71010000 - 0x00007fff71127000 	C:\Windows\System32\gdi32full.dll
0x00007fff71260000 - 0x00007fff712fd000 	C:\Windows\System32\msvcp_win.dll
0x00007fff4a2c0000 - 0x00007fff4a2de000 	c:\Users\Admin\.vscode\extensions\redhat.java-1.52.0-win32-x64\jre\21.0.9-win32-x86_64\bin\VCRUNTIME140.dll
0x00007fff5f900000 - 0x00007fff5fb9a000 	C:\Windows\WinSxS\amd64_microsoft.windows.common-controls_6595b64144ccf1df_6.0.19041.4355_none_60b8b9eb71f62e16\COMCTL32.dll
0x00007fff72660000 - 0x00007fff726fe000 	C:\Windows\System32\msvcrt.dll
0x00007fff73900000 - 0x00007fff7392f000 	C:\Windows\System32\IMM32.DLL
0x00007fff4cad0000 - 0x00007fff4cadc000 	c:\Users\Admin\.vscode\extensions\redhat.java-1.52.0-win32-x64\jre\21.0.9-win32-x86_64\bin\vcruntime140_1.dll
0x00007fff3c970000 - 0x00007fff3c9fd000 	c:\Users\Admin\.vscode\extensions\redhat.java-1.52.0-win32-x64\jre\21.0.9-win32-x86_64\bin\msvcp140.dll
0x00007ffec6c50000 - 0x00007ffec79f0000 	c:\Users\Admin\.vscode\extensions\redhat.java-1.52.0-win32-x64\jre\21.0.9-win32-x86_64\bin\server\jvm.dll
0x00007fff71990000 - 0x00007fff71a41000 	C:\Windows\System32\ADVAPI32.dll
0x00007fff73160000 - 0x00007fff731ff000 	C:\Windows\System32\sechost.dll
0x00007fff72e90000 - 0x00007fff72fb3000 	C:\Windows\System32\RPCRT4.dll
0x00007fff71300000 - 0x00007fff71327000 	C:\Windows\System32\bcrypt.dll
0x00007fff73890000 - 0x00007fff738fb000 	C:\Windows\System32\WS2_32.dll
0x00007fff70e70000 - 0x00007fff70ebb000 	C:\Windows\SYSTEM32\POWRPROF.dll
0x00007fff5cf70000 - 0x00007fff5cf97000 	C:\Windows\SYSTEM32\WINMM.dll
0x00007fff6b330000 - 0x00007fff6b33a000 	C:\Windows\SYSTEM32\VERSION.dll
0x00007fff70e50000 - 0x00007fff70e62000 	C:\Windows\SYSTEM32\UMPDC.dll
0x00007fff6f7f0000 - 0x00007fff6f802000 	C:\Windows\SYSTEM32\kernel.appcore.dll
0x00007fff4c9e0000 - 0x00007fff4c9ea000 	c:\Users\Admin\.vscode\extensions\redhat.java-1.52.0-win32-x64\jre\21.0.9-win32-x86_64\bin\jimage.dll
0x00007fff6ed50000 - 0x00007fff6ef34000 	C:\Windows\SYSTEM32\DBGHELP.DLL
0x00007fff5ae80000 - 0x00007fff5aeb4000 	C:\Windows\SYSTEM32\dbgcore.DLL
0x00007fff71630000 - 0x00007fff716b2000 	C:\Windows\System32\bcryptPrimitives.dll
0x00007fff4e060000 - 0x00007fff4e06f000 	c:\Users\Admin\.vscode\extensions\redhat.java-1.52.0-win32-x64\jre\21.0.9-win32-x86_64\bin\instrument.dll
0x00007fff3ce70000 - 0x00007fff3ce90000 	c:\Users\Admin\.vscode\extensions\redhat.java-1.52.0-win32-x64\jre\21.0.9-win32-x86_64\bin\java.dll
0x00007fff71ef0000 - 0x00007fff7265d000 	C:\Windows\System32\SHELL32.dll
0x00007fff6f030000 - 0x00007fff6f7d4000 	C:\Windows\SYSTEM32\windows.storage.dll
0x00007fff73450000 - 0x00007fff737a3000 	C:\Windows\System32\combase.dll
0x00007fff70890000 - 0x00007fff708be000 	C:\Windows\SYSTEM32\Wldp.dll
0x00007fff728b0000 - 0x00007fff7297d000 	C:\Windows\System32\OLEAUT32.dll
0x00007fff73340000 - 0x00007fff733ed000 	C:\Windows\System32\SHCORE.dll
0x00007fff73100000 - 0x00007fff73155000 	C:\Windows\System32\shlwapi.dll
0x00007fff70f40000 - 0x00007fff70f64000 	C:\Windows\SYSTEM32\profapi.dll
0x00007fff3c950000 - 0x00007fff3c968000 	c:\Users\Admin\.vscode\extensions\redhat.java-1.52.0-win32-x64\jre\21.0.9-win32-x86_64\bin\zip.dll
0x00007fff4c8e0000 - 0x00007fff4c8f0000 	C:\Users\Admin\.vscode\extensions\redhat.java-1.52.0-win32-x64\jre\21.0.9-win32-x86_64\bin\net.dll
0x00007fff667b0000 - 0x00007fff668bd000 	C:\Windows\SYSTEM32\WINHTTP.dll
0x00007fff70670000 - 0x00007fff706da000 	C:\Windows\system32\mswsock.dll
0x00007fff3c930000 - 0x00007fff3c946000 	C:\Users\Admin\.vscode\extensions\redhat.java-1.52.0-win32-x64\jre\21.0.9-win32-x86_64\bin\nio.dll
0x00007fff4c9f0000 - 0x00007fff4ca00000 	c:\Users\Admin\.vscode\extensions\redhat.java-1.52.0-win32-x64\jre\21.0.9-win32-x86_64\bin\verify.dll
0x00007fff4a390000 - 0x00007fff4a3d5000 	C:\Users\Admin\AppData\Roaming\Code\User\globalStorage\redhat.java\1.52.0\config_ss_win\org.eclipse.equinox.launcher\org.eclipse.equinox.launcher.win32.win32.x86_64_1.2.1500.v20260121-1430\eclipse_11919.dll
0x00007fff72fd0000 - 0x00007fff730fb000 	C:\Windows\System32\ole32.dll

JVMTI agents:
c:\Users\Admin\.vscode\extensions\redhat.java-1.52.0-win32-x64\lombok\lombok-1.18.39-4050.jar path:c:\Users\Admin\.vscode\extensions\redhat.java-1.52.0-win32-x64\jre\21.0.9-win32-x86_64\bin\instrument.dll, loaded, initialized, instrumentlib options:none

dbghelp: loaded successfully - version: 4.0.5 - missing functions: none
symbol engine: initialized successfully - sym options: 0x614 - pdb path: .;c:\Users\Admin\.vscode\extensions\redhat.java-1.52.0-win32-x64\jre\21.0.9-win32-x86_64\bin;C:\Windows\SYSTEM32;C:\Windows\WinSxS\amd64_microsoft.windows.common-controls_6595b64144ccf1df_6.0.19041.4355_none_60b8b9eb71f62e16;c:\Users\Admin\.vscode\extensions\redhat.java-1.52.0-win32-x64\jre\21.0.9-win32-x86_64\bin\server;C:\Users\Admin\AppData\Roaming\Code\User\globalStorage\redhat.java\1.52.0\config_ss_win\org.eclipse.equinox.launcher\org.eclipse.equinox.launcher.win32.win32.x86_64_1.2.1500.v20260121-1430

VM Arguments:
jvm_args: --add-modules=ALL-SYSTEM --add-opens=java.base/java.util=ALL-UNNAMED --add-opens=java.base/java.lang=ALL-UNNAMED --add-opens=java.base/sun.nio.fs=ALL-UNNAMED -Declipse.application=org.eclipse.jdt.ls.core.id1 -Dosgi.bundles.defaultStartLevel=4 -Declipse.product=org.eclipse.jdt.ls.core.product -Djava.import.generatesMetadataFilesAtProjectRoot=false -DDetectVMInstallationsJob.disabled=true -Dfile.encoding=utf8 -XX:+UseParallelGC -XX:GCTimeRatio=4 -XX:AdaptiveSizePolicyWeight=90 -Dsun.zip.disableMemoryMapping=true -Xmx2G -Xms100m -Xlog:disable -javaagent:c:\Users\Admin\.vscode\extensions\redhat.java-1.52.0-win32-x64\lombok\lombok-1.18.39-4050.jar 
java_command: c:\Users\Admin\.vscode\extensions\redhat.java-1.52.0-win32-x64\server\plugins\org.eclipse.equinox.launcher_1.7.100.v20251111-0406.jar -configuration c:\Users\Admin\AppData\Roaming\Code\User\globalStorage\redhat.java\1.52.0\config_ss_win -data c:\Users\Admin\AppData\Roaming\Code\User\workspaceStorage\e795650eaacfea2b7671e9d0cf6aeb66\redhat.java\ss_ws --pipe=\\.\pipe\lsp-a9357e4a59043e7b6e92480677b79c55-sock
java_class_path (initial): c:\Users\Admin\.vscode\extensions\redhat.java-1.52.0-win32-x64\server\plugins\org.eclipse.equinox.launcher_1.7.100.v20251111-0406.jar
Launcher Type: SUN_STANDARD

[Global flags]
    uintx AdaptiveSizePolicyWeight                 = 90                                        {product} {command line}
     intx CICompilerCount                          = 3                                         {product} {ergonomic}
    uintx GCTimeRatio                              = 4                                         {product} {command line}
   size_t InitialHeapSize                          = 104857600                                 {product} {command line}
   size_t MaxHeapSize                              = 2147483648                                {product} {command line}
   size_t MaxNewSize                               = 715653120                                 {product} {ergonomic}
   size_t MinHeapDeltaBytes                        = 524288                                    {product} {ergonomic}
   size_t MinHeapSize                              = 104857600                                 {product} {command line}
   size_t NewSize                                  = 34603008                                  {product} {ergonomic}
    uintx NonNMethodCodeHeapSize                   = 5832780                                {pd product} {ergonomic}
    uintx NonProfiledCodeHeapSize                  = 122912730                              {pd product} {ergonomic}
   size_t OldSize                                  = 70254592                                  {product} {ergonomic}
    uintx ProfiledCodeHeapSize                     = 122912730                              {pd product} {ergonomic}
    uintx ReservedCodeCacheSize                    = 251658240                              {pd product} {ergonomic}
     bool SegmentedCodeCache                       = true                                      {product} {ergonomic}
   size_t SoftMaxHeapSize                          = 2147483648                             {manageable} {ergonomic}
     bool UseCompressedOops                        = true                           {product lp64_product} {ergonomic}
     bool UseLargePagesIndividualAllocation        = false                                  {pd product} {ergonomic}
     bool UseParallelGC                            = true                                      {product} {command line}

Logging:
Log output configuration:
 #0: stdout all=off uptime,level,tags foldmultilines=false
 #1: stderr all=off uptime,level,tags foldmultilines=false

Release file:
JAVA_VERSION="21.0.9" 
MODULES="java.base java.compiler java.datatransfer java.xml java.prefs java.desktop java.instrument java.logging java.management java.security.sasl java.naming java.rmi java.management.rmi java.net.http java.scripting java.security.jgss java.transaction.xa java.sql java.sql.rowset java.xml.crypto java.se java.smartcardio jdk.accessibility jdk.internal.jvmstat jdk.attach jdk.charsets jdk.internal.opt jdk.zipfs jdk.compiler jdk.crypto.ec jdk.crypto.cryptoki jdk.crypto.mscapi jdk.dynalink jdk.internal.ed jdk.editpad jdk.hotspot.agent jdk.httpserver jdk.internal.le jdk.internal.vm.ci jdk.internal.vm.compiler jdk.internal.vm.compiler.management jdk.jartool jdk.javadoc jdk.jcmd jdk.management jdk.management.agent jdk.jconsole jdk.jdeps jdk.jdwp.agent jdk.jdi jdk.jfr jdk.jshell jdk.jsobject jdk.jstatd jdk.localedata jdk.management.jfr jdk.naming.dns jdk.naming.rmi jdk.net jdk.nio.mapmode jdk.random jdk.sctp jdk.security.auth jdk.security.jgss jdk.unsupported jdk.unsupported.desktop jdk.xml.dom" 

Environment Variables:
JAVA_HOME=C:\Program Files\Eclipse Adoptium\jdk-17.0.17.10-hotspot
PATH=C:\Program Files\Eclipse Adoptium\jdk-17.0.17.10-hotspot\bin;C:\Program Files\Oracle Client for Microsoft Tools\;C:\app\Admin\product\21c\dbhomeXE\bin;C:\Python312\Scripts\;C:\Python312\;C:\Windows\system32;C:\Windows;C:\Windows\System32\Wbem;C:\Windows\System32\WindowsPowerShell\v1.0\;C:\Windows\System32\OpenSSH\;C:\ProgramData\chocolatey\bin;C:\Program Files\Java\jdk-22\bin;C:\Program Files\PuTTY\;C:\Program Files\Git\cmd;C:\Program Files\MATLAB\R2025b\bin;C:\Program Files\nodejs\;C:\Program Files\PowerShell\7\;;C:\Program Files\Docker\Docker\resources\bin;C:\Users\Admin\AppData\Local\pnpm;C:\Users\Admin\AppData\Local\Microsoft\WindowsApps;C:\Program Files\Java\jdk-22\bin;C:\Users\Admin\AppData\Local\Programs\Microsoft VS Code\bin;C:\Users\Admin\AppData\Roaming\npm;C:\Users\Admin\.lmstudio\bin;C:\Users\Admin\AppData\Local\Programs\Antigravity\bin
USERNAME=Admin
OS=Windows_NT
PROCESSOR_IDENTIFIER=Intel64 Family 6 Model 126 Stepping 5, GenuineIntel
TMP=C:\Users\Admin\AppData\Local\Temp
TEMP=C:\Users\Admin\AppData\Local\Temp




Periodic native trim disabled

---------------  S Y S T E M  ---------------

OS:
 Windows 10 , 64 bit Build 19041 (10.0.19041.5072)
OS uptime: 1 days 20:18 hours
Hyper-V role detected

CPU: total 4 (initial active 4) (2 cores per cpu, 2 threads per core) family 6 model 126 stepping 5 microcode 0x78, cx8, cmov, fxsr, ht, mmx, 3dnowpref, sse, sse2, sse3, ssse3, sse4.1, sse4.2, popcnt, lzcnt, tsc, tscinvbit, avx, avx2, aes, erms, clmul, bmi1, bmi2, adx, avx512f, avx512dq, avx512cd, avx512bw, avx512vl, sha, fma, vzeroupper, avx512_vpopcntdq, avx512_vpclmulqdq, avx512_vaes, avx512_vnni, clflush, clflushopt, avx512_vbmi2, avx512_vbmi, hv, rdtscp, rdpid, fsrm, gfni, avx512_bitalg, f16c, avx512_ifma
Processor Information for the first 4 processors :
  Max Mhz: 1190, Current Mhz: 1190, Mhz Limit: 1190

Memory: 4k page, system-wide physical 7934M (258M free)
TotalPageFile size 16126M (AvailPageFile size 2M)
current process WorkingSet (physical memory assigned to process): 94M, peak: 94M
current process commit charge ("private bytes"): 228M, peak: 229M

vm_info: OpenJDK 64-Bit Server VM (21.0.9+10-LTS) for windows-amd64 JRE (21.0.9+10-LTS), built on 2025-10-21T00:00:00Z by "admin" with unknown MS VC++:1942

END.
